<?xml version="1.0" encoding="UTF-8"?>
<testsuite name="ChromeTest"
           tests="3"
           failures="0"
           errors="0"
           skipped="0"
           time="29.783">
  <properties />
  
  
            <testcase name="resetPasswordCancel" time="9.790" classname="automationFramework.TestCases.ResetPasswordTest" />
                <testcase name="resetPassword" time="9.858" classname="automationFramework.TestCases.ResetPasswordTest" />
                <testcase name="resetPasswordClose" time="10.135" classname="automationFramework.TestCases.ResetPasswordTest" />
      
</testsuite>
