<?xml version="1.0" encoding="UTF-8"?>
<testsuite name="ChromeTest"
           tests="3"
           failures="0"
           errors="0"
           skipped="0"
           time="38.962">
  <properties />
  
  
            <testcase name="resetPassword" time="10.802" classname="automationFramework.TestCases.ResetPasswordAPITest" />
                <testcase name="resetPasswordClose" time="12.814" classname="automationFramework.TestCases.ResetPasswordAPITest" />
                <testcase name="resetPasswordCancel" time="15.346" classname="automationFramework.TestCases.ResetPasswordAPITest" />
      
</testsuite>
