<?xml version="1.0" encoding="UTF-8"?>
<testsuite name="ChromeTest"
           tests="2"
           failures="0"
           errors="0"
           skipped="0"
           time="35.700">
  <properties />
  
  
            <testcase name="tokenVerificationLinkAccountNewSearch" time="20.941" classname="automationFramework.TestCases.TokenSearchAPITest" />
                <testcase name="tokenVerificationLinkAccount" time="14.759" classname="automationFramework.TestCases.TokenSearchAPITest" />
      
</testsuite>
