<?xml version="1.0" encoding="UTF-8"?>
<testng-results skipped="0" failed="27" total="132" passed="105">
  <reporter-output>
    <line>
      <![CDATA[TearDown Complete]]>
    </line>
    <line>
      <![CDATA[TearDown Complete]]>
    </line>
    <line>
      <![CDATA[TearDown Complete]]>
    </line>
    <line>
      <![CDATA[TearDown Complete]]>
    </line>
    <line>
      <![CDATA[TearDown Complete]]>
    </line>
    <line>
      <![CDATA[TearDown Completed]]>
    </line>
    <line>
      <![CDATA[TearDown Completed]]>
    </line>
    <line>
      <![CDATA[TearDown Completed]]>
    </line>
    <line>
      <![CDATA[TearDown Completed]]>
    </line>
    <line>
      <![CDATA[TearDown Completed]]>
    </line>
    <line>
      <![CDATA[TearDown Completed]]>
    </line>
    <line>
      <![CDATA[TearDown Complete]]>
    </line>
    <line>
      <![CDATA[TearDown Complete]]>
    </line>
    <line>
      <![CDATA[TearDown Complete]]>
    </line>
    <line>
      <![CDATA[TearDown Complete]]>
    </line>
    <line>
      <![CDATA[TearDown Complete]]>
    </line>
    <line>
      <![CDATA[TearDown Complete]]>
    </line>
    <line>
      <![CDATA[TearDown Complete]]>
    </line>
    <line>
      <![CDATA[TearDown Complete]]>
    </line>
    <line>
      <![CDATA[TearDown Complete]]>
    </line>
    <line>
      <![CDATA[TearDown Complete]]>
    </line>
    <line>
      <![CDATA[TearDown Complete]]>
    </line>
    <line>
      <![CDATA[TearDown Complete]]>
    </line>
    <line>
      <![CDATA[TearDown Complete]]>
    </line>
    <line>
      <![CDATA[TearDown Complete]]>
    </line>
    <line>
      <![CDATA[TearDown Complete]]>
    </line>
    <line>
      <![CDATA[TearDown Complete]]>
    </line>
    <line>
      <![CDATA[TearDown Complete]]>
    </line>
    <line>
      <![CDATA[TearDown Complete]]>
    </line>
    <line>
      <![CDATA[TearDown Complete]]>
    </line>
    <line>
      <![CDATA[TearDown Complete]]>
    </line>
    <line>
      <![CDATA[TearDown Complete]]>
    </line>
    <line>
      <![CDATA[TearDown Complete]]>
    </line>
    <line>
      <![CDATA[TearDown Complete]]>
    </line>
    <line>
      <![CDATA[TearDown Complete]]>
    </line>
    <line>
      <![CDATA[TearDown Complete]]>
    </line>
    <line>
      <![CDATA[TearDown Complete]]>
    </line>
    <line>
      <![CDATA[TearDown Completed]]>
    </line>
    <line>
      <![CDATA[TearDown Completed]]>
    </line>
    <line>
      <![CDATA[TearDown Complete]]>
    </line>
    <line>
      <![CDATA[TearDown Complete]]>
    </line>
    <line>
      <![CDATA[TearDown Complete]]>
    </line>
    <line>
      <![CDATA[TearDown Complete]]>
    </line>
    <line>
      <![CDATA[TearDown Complete]]>
    </line>
    <line>
      <![CDATA[TearDown Complete]]>
    </line>
    <line>
      <![CDATA[TearDown Complete]]>
    </line>
    <line>
      <![CDATA[TearDown Complete]]>
    </line>
    <line>
      <![CDATA[TearDown Complete]]>
    </line>
    <line>
      <![CDATA[TearDown Complete]]>
    </line>
    <line>
      <![CDATA[TearDown Complete]]>
    </line>
    <line>
      <![CDATA[TearDown Complete]]>
    </line>
    <line>
      <![CDATA[TearDown Complete]]>
    </line>
    <line>
      <![CDATA[TearDown Complete]]>
    </line>
    <line>
      <![CDATA[TearDown Complete]]>
    </line>
    <line>
      <![CDATA[TearDown Complete]]>
    </line>
    <line>
      <![CDATA[TearDown Complete]]>
    </line>
    <line>
      <![CDATA[TearDown Complete]]>
    </line>
    <line>
      <![CDATA[TearDown Complete]]>
    </line>
    <line>
      <![CDATA[TearDown Complete]]>
    </line>
    <line>
      <![CDATA[TearDown Complete]]>
    </line>
    <line>
      <![CDATA[TearDown Complete]]>
    </line>
    <line>
      <![CDATA[TearDown Complete]]>
    </line>
    <line>
      <![CDATA[TearDown Complete]]>
    </line>
    <line>
      <![CDATA[TearDown Completed]]>
    </line>
    <line>
      <![CDATA[TearDown Completed]]>
    </line>
    <line>
      <![CDATA[TearDown Complete]]>
    </line>
    <line>
      <![CDATA[TearDown Complete]]>
    </line>
    <line>
      <![CDATA[TearDown Complete]]>
    </line>
    <line>
      <![CDATA[TearDown Complete]]>
    </line>
    <line>
      <![CDATA[TearDown Complete]]>
    </line>
    <line>
      <![CDATA[TearDown Complete]]>
    </line>
    <line>
      <![CDATA[TearDown Complete]]>
    </line>
    <line>
      <![CDATA[TearDown Complete]]>
    </line>
    <line>
      <![CDATA[TearDown Complete]]>
    </line>
    <line>
      <![CDATA[TearDown Complete]]>
    </line>
    <line>
      <![CDATA[TearDown Complete]]>
    </line>
    <line>
      <![CDATA[TearDown Complete]]>
    </line>
    <line>
      <![CDATA[TearDown Complete]]>
    </line>
    <line>
      <![CDATA[TearDown Complete]]>
    </line>
    <line>
      <![CDATA[TearDown Complete]]>
    </line>
    <line>
      <![CDATA[TearDown Complete]]>
    </line>
    <line>
      <![CDATA[TearDown Complete]]>
    </line>
    <line>
      <![CDATA[TearDown Complete]]>
    </line>
    <line>
      <![CDATA[TearDown Complete]]>
    </line>
    <line>
      <![CDATA[TearDown Complete]]>
    </line>
    <line>
      <![CDATA[TearDown Complete]]>
    </line>
    <line>
      <![CDATA[TearDown Complete]]>
    </line>
    <line>
      <![CDATA[TearDown Complete]]>
    </line>
    <line>
      <![CDATA[TearDown Complete]]>
    </line>
    <line>
      <![CDATA[TearDown Complete]]>
    </line>
    <line>
      <![CDATA[TearDown Complete]]>
    </line>
    <line>
      <![CDATA[TearDown Complete]]>
    </line>
    <line>
      <![CDATA[TearDown Complete]]>
    </line>
    <line>
      <![CDATA[TearDown Complete]]>
    </line>
    <line>
      <![CDATA[TearDown Complete]]>
    </line>
    <line>
      <![CDATA[TearDown Complete]]>
    </line>
    <line>
      <![CDATA[TearDown Complete]]>
    </line>
    <line>
      <![CDATA[TearDown Complete]]>
    </line>
    <line>
      <![CDATA[TearDown Complete]]>
    </line>
    <line>
      <![CDATA[TearDown Complete]]>
    </line>
    <line>
      <![CDATA[TearDown Complete]]>
    </line>
    <line>
      <![CDATA[TearDown Complete]]>
    </line>
    <line>
      <![CDATA[TearDown Complete]]>
    </line>
    <line>
      <![CDATA[TearDown Complete]]>
    </line>
    <line>
      <![CDATA[TearDown Complete]]>
    </line>
    <line>
      <![CDATA[TearDown Complete]]>
    </line>
    <line>
      <![CDATA[TearDown Complete]]>
    </line>
    <line>
      <![CDATA[TearDown Complete]]>
    </line>
    <line>
      <![CDATA[TearDown Complete]]>
    </line>
    <line>
      <![CDATA[TearDown Complete]]>
    </line>
    <line>
      <![CDATA[TearDown Complete]]>
    </line>
    <line>
      <![CDATA[TearDown Complete]]>
    </line>
    <line>
      <![CDATA[TearDown Complete]]>
    </line>
    <line>
      <![CDATA[TearDown Complete]]>
    </line>
    <line>
      <![CDATA[TearDown Complete]]>
    </line>
    <line>
      <![CDATA[TearDown Complete]]>
    </line>
    <line>
      <![CDATA[TearDown Complete]]>
    </line>
    <line>
      <![CDATA[TearDown Complete]]>
    </line>
    <line>
      <![CDATA[TearDown Complete]]>
    </line>
    <line>
      <![CDATA[TearDown Complete]]>
    </line>
    <line>
      <![CDATA[TearDown Complete]]>
    </line>
    <line>
      <![CDATA[TearDown Complete]]>
    </line>
    <line>
      <![CDATA[TearDown Complete]]>
    </line>
    <line>
      <![CDATA[TearDown Complete]]>
    </line>
    <line>
      <![CDATA[TearDown Complete]]>
    </line>
    <line>
      <![CDATA[TearDown Complete]]>
    </line>
    <line>
      <![CDATA[TearDown Complete]]>
    </line>
    <line>
      <![CDATA[TearDown Complete]]>
    </line>
    <line>
      <![CDATA[TearDown Complete]]>
    </line>
    <line>
      <![CDATA[TearDown Complete]]>
    </line>
    <line>
      <![CDATA[TearDown Complete]]>
    </line>
    <line>
      <![CDATA[TearDown Complete]]>
    </line>
  </reporter-output>
  <suite name="Automation - Suite" duration-ms="7507286" started-at="2017-04-27T16:36:49Z" finished-at="2017-04-27T18:41:57Z">
    <groups>
    </groups>
    <test name="ChromeTest" duration-ms="7507286" started-at="2017-04-27T16:36:49Z" finished-at="2017-04-27T18:41:57Z">
      <class name="automationFramework.TestCases.TokenSearchTest">
        <test-method status="PASS" signature="setUp(java.lang.String)[pri:0, instance:automationFramework.TestCases.TokenSearchTest@25af5db5]" name="setUp" is-config="true" duration-ms="1521" started-at="2017-04-27T11:12:21Z" finished-at="2017-04-27T11:12:23Z">
          <params>
            <param index="0">
              <value>
                <![CDATA[chrome.exe]]>
              </value>
            </param>
          </params>
          <reporter-output>
          </reporter-output>
        </test-method> <!-- setUp -->
        <test-method status="PASS" signature="searchTokenInvalidMonth()[pri:0, instance:automationFramework.TestCases.TokenSearchTest@25af5db5]" name="searchTokenInvalidMonth" duration-ms="7221" started-at="2017-04-27T11:12:23Z" finished-at="2017-04-27T11:12:30Z">
          <reporter-output>
          </reporter-output>
        </test-method> <!-- searchTokenInvalidMonth -->
        <test-method status="PASS" signature="tearDown()[pri:0, instance:automationFramework.TestCases.TokenSearchTest@25af5db5]" name="tearDown" is-config="true" duration-ms="674" started-at="2017-04-27T11:12:30Z" finished-at="2017-04-27T11:12:31Z">
          <reporter-output>
            <line>
              <![CDATA[TearDown Complete]]>
            </line>
          </reporter-output>
        </test-method> <!-- tearDown -->
        <test-method status="PASS" signature="setUp(java.lang.String)[pri:0, instance:automationFramework.TestCases.TokenSearchTest@25af5db5]" name="setUp" is-config="true" duration-ms="1593" started-at="2017-04-27T11:12:31Z" finished-at="2017-04-27T11:12:32Z">
          <params>
            <param index="0">
              <value>
                <![CDATA[chrome.exe]]>
              </value>
            </param>
          </params>
          <reporter-output>
          </reporter-output>
        </test-method> <!-- setUp -->
        <test-method status="PASS" signature="searchTokenInvalidYear()[pri:0, instance:automationFramework.TestCases.TokenSearchTest@25af5db5]" name="searchTokenInvalidYear" duration-ms="9102" started-at="2017-04-27T11:12:32Z" finished-at="2017-04-27T11:12:41Z">
          <reporter-output>
          </reporter-output>
        </test-method> <!-- searchTokenInvalidYear -->
        <test-method status="PASS" signature="tearDown()[pri:0, instance:automationFramework.TestCases.TokenSearchTest@25af5db5]" name="tearDown" is-config="true" duration-ms="713" started-at="2017-04-27T11:12:41Z" finished-at="2017-04-27T11:12:42Z">
          <reporter-output>
            <line>
              <![CDATA[TearDown Complete]]>
            </line>
          </reporter-output>
        </test-method> <!-- tearDown -->
        <test-method status="PASS" signature="setUp(java.lang.String)[pri:0, instance:automationFramework.TestCases.TokenSearchTest@25af5db5]" name="setUp" is-config="true" duration-ms="1496" started-at="2017-04-27T11:12:42Z" finished-at="2017-04-27T11:12:44Z">
          <params>
            <param index="0">
              <value>
                <![CDATA[chrome.exe]]>
              </value>
            </param>
          </params>
          <reporter-output>
          </reporter-output>
        </test-method> <!-- setUp -->
        <test-method status="PASS" signature="searchTokenMissingBankCard()[pri:0, instance:automationFramework.TestCases.TokenSearchTest@25af5db5]" name="searchTokenMissingBankCard" duration-ms="6811" started-at="2017-04-27T11:12:44Z" finished-at="2017-04-27T11:12:50Z">
          <reporter-output>
          </reporter-output>
        </test-method> <!-- searchTokenMissingBankCard -->
        <test-method status="PASS" signature="tearDown()[pri:0, instance:automationFramework.TestCases.TokenSearchTest@25af5db5]" name="tearDown" is-config="true" duration-ms="678" started-at="2017-04-27T11:12:50Z" finished-at="2017-04-27T11:12:51Z">
          <reporter-output>
            <line>
              <![CDATA[TearDown Complete]]>
            </line>
          </reporter-output>
        </test-method> <!-- tearDown -->
        <test-method status="PASS" signature="setUp(java.lang.String)[pri:0, instance:automationFramework.TestCases.TokenSearchTest@25af5db5]" name="setUp" is-config="true" duration-ms="1627" started-at="2017-04-27T11:12:51Z" finished-at="2017-04-27T11:12:53Z">
          <params>
            <param index="0">
              <value>
                <![CDATA[chrome.exe]]>
              </value>
            </param>
          </params>
          <reporter-output>
          </reporter-output>
        </test-method> <!-- setUp -->
        <test-method status="PASS" signature="searchTokenNewSearch()[pri:0, instance:automationFramework.TestCases.TokenSearchTest@25af5db5]" name="searchTokenNewSearch" duration-ms="7294" started-at="2017-04-27T11:12:53Z" finished-at="2017-04-27T11:13:00Z">
          <reporter-output>
          </reporter-output>
        </test-method> <!-- searchTokenNewSearch -->
        <test-method status="PASS" signature="tearDown()[pri:0, instance:automationFramework.TestCases.TokenSearchTest@25af5db5]" name="tearDown" is-config="true" duration-ms="673" started-at="2017-04-27T11:13:00Z" finished-at="2017-04-27T11:13:01Z">
          <reporter-output>
            <line>
              <![CDATA[TearDown Complete]]>
            </line>
          </reporter-output>
        </test-method> <!-- tearDown -->
        <test-method status="PASS" signature="setUp(java.lang.String)[pri:0, instance:automationFramework.TestCases.TokenSearchTest@25af5db5]" name="setUp" is-config="true" duration-ms="1550" started-at="2017-04-27T11:13:01Z" finished-at="2017-04-27T11:13:02Z">
          <params>
            <param index="0">
              <value>
                <![CDATA[chrome.exe]]>
              </value>
            </param>
          </params>
          <reporter-output>
          </reporter-output>
        </test-method> <!-- setUp -->
        <test-method status="PASS" signature="searchTokenNoRecordFound()[pri:0, instance:automationFramework.TestCases.TokenSearchTest@25af5db5]" name="searchTokenNoRecordFound" duration-ms="7972" started-at="2017-04-27T11:13:02Z" finished-at="2017-04-27T11:13:10Z">
          <reporter-output>
          </reporter-output>
        </test-method> <!-- searchTokenNoRecordFound -->
        <test-method status="PASS" signature="tearDown()[pri:0, instance:automationFramework.TestCases.TokenSearchTest@25af5db5]" name="tearDown" is-config="true" duration-ms="676" started-at="2017-04-27T11:13:10Z" finished-at="2017-04-27T11:13:11Z">
          <reporter-output>
            <line>
              <![CDATA[TearDown Complete]]>
            </line>
          </reporter-output>
        </test-method> <!-- tearDown -->
        <test-method status="PASS" signature="setUp(java.lang.String)[pri:0, instance:automationFramework.TestCases.TokenSearchTest@25af5db5]" name="setUp" is-config="true" duration-ms="1596" started-at="2017-04-27T11:13:11Z" finished-at="2017-04-27T11:13:12Z">
          <params>
            <param index="0">
              <value>
                <![CDATA[chrome.exe]]>
              </value>
            </param>
          </params>
          <reporter-output>
          </reporter-output>
        </test-method> <!-- setUp -->
        <test-method status="PASS" signature="searchTokenNoRecordFoundNewSearch()[pri:0, instance:automationFramework.TestCases.TokenSearchTest@25af5db5]" name="searchTokenNoRecordFoundNewSearch" duration-ms="7241" started-at="2017-04-27T11:13:12Z" finished-at="2017-04-27T11:13:20Z">
          <reporter-output>
          </reporter-output>
        </test-method> <!-- searchTokenNoRecordFoundNewSearch -->
        <test-method status="PASS" signature="tearDown()[pri:0, instance:automationFramework.TestCases.TokenSearchTest@25af5db5]" name="tearDown" is-config="true" duration-ms="688" started-at="2017-04-27T11:13:20Z" finished-at="2017-04-27T11:13:20Z">
          <reporter-output>
            <line>
              <![CDATA[TearDown Complete]]>
            </line>
          </reporter-output>
        </test-method> <!-- tearDown -->
        <test-method status="PASS" signature="setUp(java.lang.String)[pri:0, instance:automationFramework.TestCases.TokenSearchTest@25af5db5]" name="setUp" is-config="true" duration-ms="1504" started-at="2017-04-27T11:13:20Z" finished-at="2017-04-27T11:13:22Z">
          <params>
            <param index="0">
              <value>
                <![CDATA[chrome.exe]]>
              </value>
            </param>
          </params>
          <reporter-output>
          </reporter-output>
        </test-method> <!-- setUp -->
        <test-method status="PASS" signature="searchTokenInvalidTokenSearch()[pri:0, instance:automationFramework.TestCases.TokenSearchTest@25af5db5]" name="searchTokenInvalidTokenSearch" duration-ms="8346" started-at="2017-04-27T11:13:22Z" finished-at="2017-04-27T11:13:30Z">
          <reporter-output>
          </reporter-output>
        </test-method> <!-- searchTokenInvalidTokenSearch -->
        <test-method status="PASS" signature="tearDown()[pri:0, instance:automationFramework.TestCases.TokenSearchTest@25af5db5]" name="tearDown" is-config="true" duration-ms="676" started-at="2017-04-27T11:13:30Z" finished-at="2017-04-27T11:13:31Z">
          <reporter-output>
            <line>
              <![CDATA[TearDown Complete]]>
            </line>
          </reporter-output>
        </test-method> <!-- tearDown -->
        <test-method status="PASS" signature="setUp(java.lang.String)[pri:0, instance:automationFramework.TestCases.TokenSearchTest@25af5db5]" name="setUp" is-config="true" duration-ms="1574" started-at="2017-04-27T11:13:31Z" finished-at="2017-04-27T11:13:33Z">
          <params>
            <param index="0">
              <value>
                <![CDATA[chrome.exe]]>
              </value>
            </param>
          </params>
          <reporter-output>
          </reporter-output>
        </test-method> <!-- setUp -->
        <test-method status="PASS" signature="searchTokenInvalidTokenNewSearch()[pri:0, instance:automationFramework.TestCases.TokenSearchTest@25af5db5]" name="searchTokenInvalidTokenNewSearch" duration-ms="9887" started-at="2017-04-27T11:13:33Z" finished-at="2017-04-27T11:13:42Z">
          <reporter-output>
          </reporter-output>
        </test-method> <!-- searchTokenInvalidTokenNewSearch -->
        <test-method status="PASS" signature="tearDown()[pri:0, instance:automationFramework.TestCases.TokenSearchTest@25af5db5]" name="tearDown" is-config="true" duration-ms="694" started-at="2017-04-27T11:13:42Z" finished-at="2017-04-27T11:13:43Z">
          <reporter-output>
            <line>
              <![CDATA[TearDown Complete]]>
            </line>
          </reporter-output>
        </test-method> <!-- tearDown -->
        <test-method status="PASS" signature="setUp(java.lang.String)[pri:0, instance:automationFramework.TestCases.TokenSearchTest@25af5db5]" name="setUp" is-config="true" duration-ms="1538" started-at="2017-04-27T11:13:43Z" finished-at="2017-04-27T11:13:45Z">
          <params>
            <param index="0">
              <value>
                <![CDATA[chrome.exe]]>
              </value>
            </param>
          </params>
          <reporter-output>
          </reporter-output>
        </test-method> <!-- setUp -->
        <test-method status="PASS" signature="searchUnregistredCustomer()[pri:0, instance:automationFramework.TestCases.TokenSearchTest@25af5db5]" name="searchUnregistredCustomer" duration-ms="16712" started-at="2017-04-27T11:13:45Z" finished-at="2017-04-27T11:14:01Z">
          <reporter-output>
          </reporter-output>
        </test-method> <!-- searchUnregistredCustomer -->
        <test-method status="PASS" signature="tearDown()[pri:0, instance:automationFramework.TestCases.TokenSearchTest@25af5db5]" name="tearDown" is-config="true" duration-ms="675" started-at="2017-04-27T11:14:01Z" finished-at="2017-04-27T11:14:02Z">
          <reporter-output>
            <line>
              <![CDATA[TearDown Complete]]>
            </line>
          </reporter-output>
        </test-method> <!-- tearDown -->
        <test-method status="PASS" signature="setUp(java.lang.String)[pri:0, instance:automationFramework.TestCases.TokenSearchTest@25af5db5]" name="setUp" is-config="true" duration-ms="1551" started-at="2017-04-27T11:14:02Z" finished-at="2017-04-27T11:14:04Z">
          <params>
            <param index="0">
              <value>
                <![CDATA[chrome.exe]]>
              </value>
            </param>
          </params>
          <reporter-output>
          </reporter-output>
        </test-method> <!-- setUp -->
        <test-method status="PASS" signature="searchRegistredCustomer()[pri:0, instance:automationFramework.TestCases.TokenSearchTest@25af5db5]" name="searchRegistredCustomer" duration-ms="41633" started-at="2017-04-27T11:14:04Z" finished-at="2017-04-27T11:14:45Z">
          <reporter-output>
          </reporter-output>
        </test-method> <!-- searchRegistredCustomer -->
        <test-method status="PASS" signature="tearDown()[pri:0, instance:automationFramework.TestCases.TokenSearchTest@25af5db5]" name="tearDown" is-config="true" duration-ms="675" started-at="2017-04-27T11:14:45Z" finished-at="2017-04-27T11:14:46Z">
          <reporter-output>
            <line>
              <![CDATA[TearDown Complete]]>
            </line>
          </reporter-output>
        </test-method> <!-- tearDown -->
        <test-method status="PASS" signature="setUp(java.lang.String)[pri:0, instance:automationFramework.TestCases.TokenSearchTest@25af5db5]" name="setUp" is-config="true" duration-ms="1588" started-at="2017-04-27T11:14:46Z" finished-at="2017-04-27T11:14:47Z">
          <params>
            <param index="0">
              <value>
                <![CDATA[chrome.exe]]>
              </value>
            </param>
          </params>
          <reporter-output>
          </reporter-output>
        </test-method> <!-- setUp -->
        <test-method status="PASS" signature="searchRegistredCustomerVerifiedThreeInfo()[pri:0, instance:automationFramework.TestCases.TokenSearchTest@25af5db5]" name="searchRegistredCustomerVerifiedThreeInfo" duration-ms="41268" started-at="2017-04-27T11:14:47Z" finished-at="2017-04-27T11:15:29Z">
          <reporter-output>
          </reporter-output>
        </test-method> <!-- searchRegistredCustomerVerifiedThreeInfo -->
        <test-method status="PASS" signature="tearDown()[pri:0, instance:automationFramework.TestCases.TokenSearchTest@25af5db5]" name="tearDown" is-config="true" duration-ms="694" started-at="2017-04-27T11:15:29Z" finished-at="2017-04-27T11:15:29Z">
          <reporter-output>
            <line>
              <![CDATA[TearDown Complete]]>
            </line>
          </reporter-output>
        </test-method> <!-- tearDown -->
        <test-method status="PASS" signature="setUp(java.lang.String)[pri:0, instance:automationFramework.TestCases.TokenSearchTest@25af5db5]" name="setUp" is-config="true" duration-ms="1783" started-at="2017-04-27T11:15:29Z" finished-at="2017-04-27T11:15:31Z">
          <params>
            <param index="0">
              <value>
                <![CDATA[chrome.exe]]>
              </value>
            </param>
          </params>
          <reporter-output>
          </reporter-output>
        </test-method> <!-- setUp -->
        <test-method status="PASS" signature="viewRegistredCustomerSubsystemPage()[pri:0, instance:automationFramework.TestCases.TokenSearchTest@25af5db5]" name="viewRegistredCustomerSubsystemPage" duration-ms="45868" started-at="2017-04-27T11:15:31Z" finished-at="2017-04-27T11:16:17Z">
          <reporter-output>
          </reporter-output>
        </test-method> <!-- viewRegistredCustomerSubsystemPage -->
        <test-method status="PASS" signature="tearDown()[pri:0, instance:automationFramework.TestCases.TokenSearchTest@25af5db5]" name="tearDown" is-config="true" duration-ms="674" started-at="2017-04-27T11:16:17Z" finished-at="2017-04-27T11:16:18Z">
          <reporter-output>
            <line>
              <![CDATA[TearDown Complete]]>
            </line>
          </reporter-output>
        </test-method> <!-- tearDown -->
        <test-method status="PASS" signature="setUp(java.lang.String)[pri:0, instance:automationFramework.TestCases.TokenSearchTest@25af5db5]" name="setUp" is-config="true" duration-ms="1545" started-at="2017-04-27T11:16:18Z" finished-at="2017-04-27T11:16:19Z">
          <params>
            <param index="0">
              <value>
                <![CDATA[chrome.exe]]>
              </value>
            </param>
          </params>
          <reporter-output>
          </reporter-output>
        </test-method> <!-- setUp -->
        <test-method status="PASS" signature="searchTokenVerification()[pri:0, instance:automationFramework.TestCases.TokenSearchTest@25af5db5]" name="searchTokenVerification" duration-ms="14037" started-at="2017-04-27T11:16:19Z" finished-at="2017-04-27T11:16:33Z">
          <reporter-output>
          </reporter-output>
        </test-method> <!-- searchTokenVerification -->
        <test-method status="PASS" signature="tearDown()[pri:0, instance:automationFramework.TestCases.TokenSearchTest@25af5db5]" name="tearDown" is-config="true" duration-ms="685" started-at="2017-04-27T11:16:33Z" finished-at="2017-04-27T11:16:34Z">
          <reporter-output>
            <line>
              <![CDATA[TearDown Complete]]>
            </line>
          </reporter-output>
        </test-method> <!-- tearDown -->
        <test-method status="PASS" signature="setUp(java.lang.String)[pri:0, instance:automationFramework.TestCases.TokenSearchTest@25af5db5]" name="setUp" is-config="true" duration-ms="1542" started-at="2017-04-27T11:16:34Z" finished-at="2017-04-27T11:16:36Z">
          <params>
            <param index="0">
              <value>
                <![CDATA[chrome.exe]]>
              </value>
            </param>
          </params>
          <reporter-output>
          </reporter-output>
        </test-method> <!-- setUp -->
        <test-method status="PASS" signature="tokenSearchAuthenticationError()[pri:0, instance:automationFramework.TestCases.TokenSearchTest@25af5db5]" name="tokenSearchAuthenticationError" duration-ms="6312" started-at="2017-04-27T11:16:36Z" finished-at="2017-04-27T11:16:42Z">
          <reporter-output>
          </reporter-output>
        </test-method> <!-- tokenSearchAuthenticationError -->
        <test-method status="PASS" signature="tearDown()[pri:0, instance:automationFramework.TestCases.TokenSearchTest@25af5db5]" name="tearDown" is-config="true" duration-ms="676" started-at="2017-04-27T11:16:42Z" finished-at="2017-04-27T11:16:43Z">
          <reporter-output>
            <line>
              <![CDATA[TearDown Complete]]>
            </line>
          </reporter-output>
        </test-method> <!-- tearDown -->
        <test-method status="PASS" signature="setUp(java.lang.String)[pri:0, instance:automationFramework.TestCases.TokenSearchTest@25af5db5]" name="setUp" is-config="true" duration-ms="1506" started-at="2017-04-27T11:16:43Z" finished-at="2017-04-27T11:16:44Z">
          <params>
            <param index="0">
              <value>
                <![CDATA[chrome.exe]]>
              </value>
            </param>
          </params>
          <reporter-output>
          </reporter-output>
        </test-method> <!-- setUp -->
        <test-method status="PASS" signature="tokenSearchWithSpace()[pri:0, instance:automationFramework.TestCases.TokenSearchTest@25af5db5]" name="tokenSearchWithSpace" duration-ms="39498" started-at="2017-04-27T11:16:44Z" finished-at="2017-04-27T11:17:24Z">
          <reporter-output>
          </reporter-output>
        </test-method> <!-- tokenSearchWithSpace -->
        <test-method status="PASS" signature="tearDown()[pri:0, instance:automationFramework.TestCases.TokenSearchTest@25af5db5]" name="tearDown" is-config="true" duration-ms="673" started-at="2017-04-27T11:17:24Z" finished-at="2017-04-27T11:17:24Z">
          <reporter-output>
            <line>
              <![CDATA[TearDown Complete]]>
            </line>
          </reporter-output>
        </test-method> <!-- tearDown -->
        <test-method status="PASS" signature="setUp(java.lang.String)[pri:0, instance:automationFramework.TestCases.TokenSearchTest@25af5db5]" name="setUp" is-config="true" duration-ms="1556" started-at="2017-04-27T11:17:24Z" finished-at="2017-04-27T11:17:26Z">
          <params>
            <param index="0">
              <value>
                <![CDATA[chrome.exe]]>
              </value>
            </param>
          </params>
          <reporter-output>
          </reporter-output>
        </test-method> <!-- setUp -->
        <test-method status="PASS" signature="searchTokenClickHome()[pri:0, instance:automationFramework.TestCases.TokenSearchTest@25af5db5]" name="searchTokenClickHome" duration-ms="17257" started-at="2017-04-27T11:17:26Z" finished-at="2017-04-27T11:17:43Z">
          <reporter-output>
          </reporter-output>
        </test-method> <!-- searchTokenClickHome -->
        <test-method status="PASS" signature="tearDown()[pri:0, instance:automationFramework.TestCases.TokenSearchTest@25af5db5]" name="tearDown" is-config="true" duration-ms="758" started-at="2017-04-27T11:17:43Z" finished-at="2017-04-27T11:17:44Z">
          <reporter-output>
            <line>
              <![CDATA[TearDown Complete]]>
            </line>
          </reporter-output>
        </test-method> <!-- tearDown -->
      </class> <!-- automationFramework.TestCases.TokenSearchTest -->
      <class name="automationFramework.TestCases.ResetPasswordTest">
        <test-method status="PASS" signature="setUp(java.lang.String)[pri:0, instance:automationFramework.TestCases.ResetPasswordTest@50d0686]" name="setUp" is-config="true" duration-ms="1602" started-at="2017-04-27T11:08:13Z" finished-at="2017-04-27T11:08:14Z">
          <params>
            <param index="0">
              <value>
                <![CDATA[chrome.exe]]>
              </value>
            </param>
          </params>
          <reporter-output>
          </reporter-output>
        </test-method> <!-- setUp -->
        <test-method status="PASS" signature="resetPassword()[pri:0, instance:automationFramework.TestCases.ResetPasswordTest@50d0686]" name="resetPassword" duration-ms="9858" started-at="2017-04-27T11:08:14Z" finished-at="2017-04-27T11:08:24Z">
          <reporter-output>
          </reporter-output>
        </test-method> <!-- resetPassword -->
        <test-method status="PASS" signature="tearDown()[pri:0, instance:automationFramework.TestCases.ResetPasswordTest@50d0686]" name="tearDown" is-config="true" duration-ms="674" started-at="2017-04-27T11:08:24Z" finished-at="2017-04-27T11:08:25Z">
          <reporter-output>
            <line>
              <![CDATA[TearDown Complete]]>
            </line>
          </reporter-output>
        </test-method> <!-- tearDown -->
        <test-method status="PASS" signature="setUp(java.lang.String)[pri:0, instance:automationFramework.TestCases.ResetPasswordTest@50d0686]" name="setUp" is-config="true" duration-ms="1572" started-at="2017-04-27T11:08:25Z" finished-at="2017-04-27T11:08:26Z">
          <params>
            <param index="0">
              <value>
                <![CDATA[chrome.exe]]>
              </value>
            </param>
          </params>
          <reporter-output>
          </reporter-output>
        </test-method> <!-- setUp -->
        <test-method status="PASS" signature="resetPasswordCancel()[pri:0, instance:automationFramework.TestCases.ResetPasswordTest@50d0686]" name="resetPasswordCancel" duration-ms="9790" started-at="2017-04-27T11:08:26Z" finished-at="2017-04-27T11:08:36Z">
          <reporter-output>
          </reporter-output>
        </test-method> <!-- resetPasswordCancel -->
        <test-method status="PASS" signature="tearDown()[pri:0, instance:automationFramework.TestCases.ResetPasswordTest@50d0686]" name="tearDown" is-config="true" duration-ms="672" started-at="2017-04-27T11:08:36Z" finished-at="2017-04-27T11:08:37Z">
          <reporter-output>
            <line>
              <![CDATA[TearDown Complete]]>
            </line>
          </reporter-output>
        </test-method> <!-- tearDown -->
        <test-method status="PASS" signature="setUp(java.lang.String)[pri:0, instance:automationFramework.TestCases.ResetPasswordTest@50d0686]" name="setUp" is-config="true" duration-ms="1505" started-at="2017-04-27T11:08:37Z" finished-at="2017-04-27T11:08:38Z">
          <params>
            <param index="0">
              <value>
                <![CDATA[chrome.exe]]>
              </value>
            </param>
          </params>
          <reporter-output>
          </reporter-output>
        </test-method> <!-- setUp -->
        <test-method status="PASS" signature="resetPasswordClose()[pri:0, instance:automationFramework.TestCases.ResetPasswordTest@50d0686]" name="resetPasswordClose" duration-ms="10135" started-at="2017-04-27T11:08:38Z" finished-at="2017-04-27T11:08:48Z">
          <reporter-output>
          </reporter-output>
        </test-method> <!-- resetPasswordClose -->
        <test-method status="PASS" signature="tearDown()[pri:0, instance:automationFramework.TestCases.ResetPasswordTest@50d0686]" name="tearDown" is-config="true" duration-ms="676" started-at="2017-04-27T11:08:48Z" finished-at="2017-04-27T11:08:49Z">
          <reporter-output>
            <line>
              <![CDATA[TearDown Complete]]>
            </line>
          </reporter-output>
        </test-method> <!-- tearDown -->
      </class> <!-- automationFramework.TestCases.ResetPasswordTest -->
      <class name="automationFramework.TestCases.LinkAccountTest">
        <test-method status="PASS" signature="setUp(java.lang.String)[pri:0, instance:automationFramework.TestCases.LinkAccountTest@13c27452]" name="setUp" is-config="true" duration-ms="1555" started-at="2017-04-27T10:53:19Z" finished-at="2017-04-27T10:53:21Z">
          <params>
            <param index="0">
              <value>
                <![CDATA[chrome.exe]]>
              </value>
            </param>
          </params>
          <reporter-output>
          </reporter-output>
        </test-method> <!-- setUp -->
        <test-method status="PASS" signature="linkAccountTest()[pri:0, instance:automationFramework.TestCases.LinkAccountTest@13c27452]" name="linkAccountTest" duration-ms="254231" started-at="2017-04-27T10:53:21Z" finished-at="2017-04-27T10:57:35Z">
          <reporter-output>
          </reporter-output>
        </test-method> <!-- linkAccountTest -->
        <test-method status="PASS" signature="tearDown()[pri:0, instance:automationFramework.TestCases.LinkAccountTest@13c27452]" name="tearDown" is-config="true" duration-ms="867" started-at="2017-04-27T10:57:35Z" finished-at="2017-04-27T10:57:36Z">
          <reporter-output>
            <line>
              <![CDATA[TearDown Complete]]>
            </line>
          </reporter-output>
        </test-method> <!-- tearDown -->
        <test-method status="PASS" signature="setUp(java.lang.String)[pri:0, instance:automationFramework.TestCases.LinkAccountTest@13c27452]" name="setUp" is-config="true" duration-ms="1638" started-at="2017-04-27T10:57:36Z" finished-at="2017-04-27T10:57:38Z">
          <params>
            <param index="0">
              <value>
                <![CDATA[chrome.exe]]>
              </value>
            </param>
          </params>
          <reporter-output>
          </reporter-output>
        </test-method> <!-- setUp -->
        <test-method status="PASS" signature="linkAccountAlreadyLinkedTest()[pri:0, instance:automationFramework.TestCases.LinkAccountTest@13c27452]" name="linkAccountAlreadyLinkedTest" duration-ms="260381" started-at="2017-04-27T10:57:38Z" finished-at="2017-04-27T11:01:58Z">
          <reporter-output>
          </reporter-output>
        </test-method> <!-- linkAccountAlreadyLinkedTest -->
        <test-method status="PASS" signature="tearDown()[pri:0, instance:automationFramework.TestCases.LinkAccountTest@13c27452]" name="tearDown" is-config="true" duration-ms="694" started-at="2017-04-27T11:01:58Z" finished-at="2017-04-27T11:01:59Z">
          <reporter-output>
            <line>
              <![CDATA[TearDown Complete]]>
            </line>
          </reporter-output>
        </test-method> <!-- tearDown -->
        <test-method status="PASS" signature="setUp(java.lang.String)[pri:0, instance:automationFramework.TestCases.LinkAccountTest@13c27452]" name="setUp" is-config="true" duration-ms="1574" started-at="2017-04-27T11:01:59Z" finished-at="2017-04-27T11:02:00Z">
          <params>
            <param index="0">
              <value>
                <![CDATA[chrome.exe]]>
              </value>
            </param>
          </params>
          <reporter-output>
          </reporter-output>
        </test-method> <!-- setUp -->
        <test-method status="PASS" signature="linkAccountFailureTest()[pri:0, instance:automationFramework.TestCases.LinkAccountTest@13c27452]" name="linkAccountFailureTest" duration-ms="16992" started-at="2017-04-27T11:02:00Z" finished-at="2017-04-27T11:02:17Z">
          <reporter-output>
          </reporter-output>
        </test-method> <!-- linkAccountFailureTest -->
        <test-method status="PASS" signature="tearDown()[pri:0, instance:automationFramework.TestCases.LinkAccountTest@13c27452]" name="tearDown" is-config="true" duration-ms="674" started-at="2017-04-27T11:02:17Z" finished-at="2017-04-27T11:02:18Z">
          <reporter-output>
            <line>
              <![CDATA[TearDown Complete]]>
            </line>
          </reporter-output>
        </test-method> <!-- tearDown -->
        <test-method status="PASS" signature="setUp(java.lang.String)[pri:0, instance:automationFramework.TestCases.LinkAccountTest@13c27452]" name="setUp" is-config="true" duration-ms="1496" started-at="2017-04-27T11:02:18Z" finished-at="2017-04-27T11:02:20Z">
          <params>
            <param index="0">
              <value>
                <![CDATA[chrome.exe]]>
              </value>
            </param>
          </params>
          <reporter-output>
          </reporter-output>
        </test-method> <!-- setUp -->
        <test-method status="PASS" signature="linkAccountCancelTest()[pri:0, instance:automationFramework.TestCases.LinkAccountTest@13c27452]" name="linkAccountCancelTest" duration-ms="16977" started-at="2017-04-27T11:02:20Z" finished-at="2017-04-27T11:02:37Z">
          <reporter-output>
          </reporter-output>
        </test-method> <!-- linkAccountCancelTest -->
        <test-method status="PASS" signature="tearDown()[pri:0, instance:automationFramework.TestCases.LinkAccountTest@13c27452]" name="tearDown" is-config="true" duration-ms="700" started-at="2017-04-27T11:02:37Z" finished-at="2017-04-27T11:02:37Z">
          <reporter-output>
            <line>
              <![CDATA[TearDown Complete]]>
            </line>
          </reporter-output>
        </test-method> <!-- tearDown -->
        <test-method status="PASS" signature="setUp(java.lang.String)[pri:0, instance:automationFramework.TestCases.LinkAccountTest@13c27452]" name="setUp" is-config="true" duration-ms="1552" started-at="2017-04-27T11:02:37Z" finished-at="2017-04-27T11:02:39Z">
          <params>
            <param index="0">
              <value>
                <![CDATA[chrome.exe]]>
              </value>
            </param>
          </params>
          <reporter-output>
          </reporter-output>
        </test-method> <!-- setUp -->
        <test-method status="PASS" signature="linkAccountCardExpirationMissingTest()[pri:0, instance:automationFramework.TestCases.LinkAccountTest@13c27452]" name="linkAccountCardExpirationMissingTest" duration-ms="10657" started-at="2017-04-27T11:02:39Z" finished-at="2017-04-27T11:02:49Z">
          <reporter-output>
          </reporter-output>
        </test-method> <!-- linkAccountCardExpirationMissingTest -->
        <test-method status="PASS" signature="tearDown()[pri:0, instance:automationFramework.TestCases.LinkAccountTest@13c27452]" name="tearDown" is-config="true" duration-ms="684" started-at="2017-04-27T11:02:49Z" finished-at="2017-04-27T11:02:50Z">
          <reporter-output>
            <line>
              <![CDATA[TearDown Complete]]>
            </line>
          </reporter-output>
        </test-method> <!-- tearDown -->
        <test-method status="PASS" signature="setUp(java.lang.String)[pri:0, instance:automationFramework.TestCases.LinkAccountTest@13c27452]" name="setUp" is-config="true" duration-ms="1503" started-at="2017-04-27T11:02:50Z" finished-at="2017-04-27T11:02:52Z">
          <params>
            <param index="0">
              <value>
                <![CDATA[chrome.exe]]>
              </value>
            </param>
          </params>
          <reporter-output>
          </reporter-output>
        </test-method> <!-- setUp -->
        <test-method status="PASS" signature="linkAccountBankAccountMissingTest()[pri:0, instance:automationFramework.TestCases.LinkAccountTest@13c27452]" name="linkAccountBankAccountMissingTest" duration-ms="9577" started-at="2017-04-27T11:02:52Z" finished-at="2017-04-27T11:03:01Z">
          <reporter-output>
          </reporter-output>
        </test-method> <!-- linkAccountBankAccountMissingTest -->
        <test-method status="PASS" signature="tearDown()[pri:0, instance:automationFramework.TestCases.LinkAccountTest@13c27452]" name="tearDown" is-config="true" duration-ms="671" started-at="2017-04-27T11:03:01Z" finished-at="2017-04-27T11:03:02Z">
          <reporter-output>
            <line>
              <![CDATA[TearDown Complete]]>
            </line>
          </reporter-output>
        </test-method> <!-- tearDown -->
        <test-method status="PASS" signature="setUp(java.lang.String)[pri:0, instance:automationFramework.TestCases.LinkAccountTest@13c27452]" name="setUp" is-config="true" duration-ms="1603" started-at="2017-04-27T11:03:02Z" finished-at="2017-04-27T11:03:04Z">
          <params>
            <param index="0">
              <value>
                <![CDATA[chrome.exe]]>
              </value>
            </param>
          </params>
          <reporter-output>
          </reporter-output>
        </test-method> <!-- setUp -->
        <test-method status="PASS" signature="linkAccountMessageTest()[pri:0, instance:automationFramework.TestCases.LinkAccountTest@13c27452]" name="linkAccountMessageTest" duration-ms="308314" started-at="2017-04-27T11:03:04Z" finished-at="2017-04-27T11:08:12Z">
          <reporter-output>
          </reporter-output>
        </test-method> <!-- linkAccountMessageTest -->
        <test-method status="PASS" signature="tearDown()[pri:0, instance:automationFramework.TestCases.LinkAccountTest@13c27452]" name="tearDown" is-config="true" duration-ms="673" started-at="2017-04-27T11:08:12Z" finished-at="2017-04-27T11:08:13Z">
          <reporter-output>
            <line>
              <![CDATA[TearDown Complete]]>
            </line>
          </reporter-output>
        </test-method> <!-- tearDown -->
      </class> <!-- automationFramework.TestCases.LinkAccountTest -->
      <class name="automationFramework.TestCases.UpdateAddressTest">
        <test-method status="PASS" signature="setUp(java.lang.String)[pri:0, instance:automationFramework.TestCases.UpdateAddressTest@7a9273a8]" name="setUp" is-config="true" duration-ms="1608" started-at="2017-04-27T11:32:00Z" finished-at="2017-04-27T11:32:02Z">
          <params>
            <param index="0">
              <value>
                <![CDATA[chrome.exe]]>
              </value>
            </param>
          </params>
          <reporter-output>
          </reporter-output>
        </test-method> <!-- setUp -->
        <test-method status="FAIL" signature="addNewAddress()[pri:0, instance:automationFramework.TestCases.UpdateAddressTest@7a9273a8]" name="addNewAddress" duration-ms="8880" started-at="2017-04-27T11:32:02Z" finished-at="2017-04-27T11:32:10Z">
          <exception class="java.lang.AssertionError">
            <message>
              <![CDATA[expected [4033311371] but found [4033311371,undefined,undefined]]]>
            </message>
            <full-stacktrace>
              <![CDATA[java.lang.AssertionError: expected [4033311371] but found [4033311371,undefined,undefined]
	at org.testng.Assert.fail(Assert.java:94)
	at org.testng.Assert.failNotEquals(Assert.java:494)
	at org.testng.Assert.assertEquals(Assert.java:123)
	at org.testng.Assert.assertEquals(Assert.java:176)
	at org.testng.Assert.assertEquals(Assert.java:186)
	at automationFramework.TestCases.UpdateAddressTest.addNewAddress(UpdateAddressTest.java:59)
	at sun.reflect.NativeMethodAccessorImpl.invoke0(Native Method)
	at sun.reflect.NativeMethodAccessorImpl.invoke(Unknown Source)
	at sun.reflect.DelegatingMethodAccessorImpl.invoke(Unknown Source)
	at java.lang.reflect.Method.invoke(Unknown Source)
	at org.testng.internal.MethodInvocationHelper.invokeMethod(MethodInvocationHelper.java:80)
	at org.testng.internal.Invoker.invokeMethod(Invoker.java:714)
	at org.testng.internal.Invoker.invokeTestMethod(Invoker.java:901)
	at org.testng.internal.Invoker.invokeTestMethods(Invoker.java:1231)
	at org.testng.internal.TestMethodWorker.invokeTestMethods(TestMethodWorker.java:127)
	at org.testng.internal.TestMethodWorker.run(TestMethodWorker.java:111)
	at org.testng.TestRunner.privateRun(TestRunner.java:767)
	at org.testng.TestRunner.run(TestRunner.java:617)
	at org.testng.SuiteRunner.runTest(SuiteRunner.java:334)
	at org.testng.SuiteRunner.runSequentially(SuiteRunner.java:329)
	at org.testng.SuiteRunner.privateRun(SuiteRunner.java:291)
	at org.testng.SuiteRunner.run(SuiteRunner.java:240)
	at org.testng.SuiteRunnerWorker.runSuite(SuiteRunnerWorker.java:52)
	at org.testng.SuiteRunnerWorker.run(SuiteRunnerWorker.java:86)
	at org.testng.TestNG.runSuitesSequentially(TestNG.java:1198)
	at org.testng.TestNG.runSuitesLocally(TestNG.java:1123)
	at org.testng.TestNG.run(TestNG.java:1031)
	at org.testng.remote.AbstractRemoteTestNG.run(AbstractRemoteTestNG.java:126)
	at org.testng.remote.RemoteTestNG.initAndRun(RemoteTestNG.java:137)
	at org.testng.remote.RemoteTestNG.main(RemoteTestNG.java:58)
]]>
            </full-stacktrace>
          </exception> <!-- java.lang.AssertionError -->
          <reporter-output>
          </reporter-output>
        </test-method> <!-- addNewAddress -->
        <test-method status="PASS" signature="tearDown()[pri:0, instance:automationFramework.TestCases.UpdateAddressTest@7a9273a8]" name="tearDown" is-config="true" duration-ms="793" started-at="2017-04-27T11:32:10Z" finished-at="2017-04-27T11:32:11Z">
          <reporter-output>
            <line>
              <![CDATA[TearDown Complete]]>
            </line>
          </reporter-output>
        </test-method> <!-- tearDown -->
        <test-method status="PASS" signature="setUp(java.lang.String)[pri:0, instance:automationFramework.TestCases.UpdateAddressTest@7a9273a8]" name="setUp" is-config="true" duration-ms="1510" started-at="2017-04-27T11:32:11Z" finished-at="2017-04-27T11:32:13Z">
          <params>
            <param index="0">
              <value>
                <![CDATA[chrome.exe]]>
              </value>
            </param>
          </params>
          <reporter-output>
          </reporter-output>
        </test-method> <!-- setUp -->
        <test-method status="PASS" signature="addNewAddressCancel()[pri:0, instance:automationFramework.TestCases.UpdateAddressTest@7a9273a8]" name="addNewAddressCancel" duration-ms="192908" started-at="2017-04-27T11:32:13Z" finished-at="2017-04-27T11:35:26Z">
          <reporter-output>
          </reporter-output>
        </test-method> <!-- addNewAddressCancel -->
        <test-method status="PASS" signature="tearDown()[pri:0, instance:automationFramework.TestCases.UpdateAddressTest@7a9273a8]" name="tearDown" is-config="true" duration-ms="728" started-at="2017-04-27T11:35:26Z" finished-at="2017-04-27T11:35:26Z">
          <reporter-output>
            <line>
              <![CDATA[TearDown Complete]]>
            </line>
          </reporter-output>
        </test-method> <!-- tearDown -->
        <test-method status="PASS" signature="setUp(java.lang.String)[pri:0, instance:automationFramework.TestCases.UpdateAddressTest@7a9273a8]" name="setUp" is-config="true" duration-ms="1595" started-at="2017-04-27T11:35:26Z" finished-at="2017-04-27T11:35:28Z">
          <params>
            <param index="0">
              <value>
                <![CDATA[chrome.exe]]>
              </value>
            </param>
          </params>
          <reporter-output>
          </reporter-output>
        </test-method> <!-- setUp -->
        <test-method status="FAIL" signature="updateAddress()[pri:0, instance:automationFramework.TestCases.UpdateAddressTest@7a9273a8]" name="updateAddress" duration-ms="8554" started-at="2017-04-27T11:35:28Z" finished-at="2017-04-27T11:35:37Z">
          <exception class="java.lang.AssertionError">
            <message>
              <![CDATA[expected [DR1kurUmRcgK@mailinator.com] but found [WkBExv2MEd6X@mailinator.com]]]>
            </message>
            <full-stacktrace>
              <![CDATA[java.lang.AssertionError: expected [DR1kurUmRcgK@mailinator.com] but found [WkBExv2MEd6X@mailinator.com]
	at org.testng.Assert.fail(Assert.java:94)
	at org.testng.Assert.failNotEquals(Assert.java:494)
	at org.testng.Assert.assertEquals(Assert.java:123)
	at org.testng.Assert.assertEquals(Assert.java:176)
	at org.testng.Assert.assertEquals(Assert.java:186)
	at automationFramework.TestCases.UpdateAddressTest.updateAddress(UpdateAddressTest.java:115)
	at sun.reflect.NativeMethodAccessorImpl.invoke0(Native Method)
	at sun.reflect.NativeMethodAccessorImpl.invoke(Unknown Source)
	at sun.reflect.DelegatingMethodAccessorImpl.invoke(Unknown Source)
	at java.lang.reflect.Method.invoke(Unknown Source)
	at org.testng.internal.MethodInvocationHelper.invokeMethod(MethodInvocationHelper.java:80)
	at org.testng.internal.Invoker.invokeMethod(Invoker.java:714)
	at org.testng.internal.Invoker.invokeTestMethod(Invoker.java:901)
	at org.testng.internal.Invoker.invokeTestMethods(Invoker.java:1231)
	at org.testng.internal.TestMethodWorker.invokeTestMethods(TestMethodWorker.java:127)
	at org.testng.internal.TestMethodWorker.run(TestMethodWorker.java:111)
	at org.testng.TestRunner.privateRun(TestRunner.java:767)
	at org.testng.TestRunner.run(TestRunner.java:617)
	at org.testng.SuiteRunner.runTest(SuiteRunner.java:334)
	at org.testng.SuiteRunner.runSequentially(SuiteRunner.java:329)
	at org.testng.SuiteRunner.privateRun(SuiteRunner.java:291)
	at org.testng.SuiteRunner.run(SuiteRunner.java:240)
	at org.testng.SuiteRunnerWorker.runSuite(SuiteRunnerWorker.java:52)
	at org.testng.SuiteRunnerWorker.run(SuiteRunnerWorker.java:86)
	at org.testng.TestNG.runSuitesSequentially(TestNG.java:1198)
	at org.testng.TestNG.runSuitesLocally(TestNG.java:1123)
	at org.testng.TestNG.run(TestNG.java:1031)
	at org.testng.remote.AbstractRemoteTestNG.run(AbstractRemoteTestNG.java:126)
	at org.testng.remote.RemoteTestNG.initAndRun(RemoteTestNG.java:137)
	at org.testng.remote.RemoteTestNG.main(RemoteTestNG.java:58)
]]>
            </full-stacktrace>
          </exception> <!-- java.lang.AssertionError -->
          <reporter-output>
          </reporter-output>
        </test-method> <!-- updateAddress -->
        <test-method status="PASS" signature="tearDown()[pri:0, instance:automationFramework.TestCases.UpdateAddressTest@7a9273a8]" name="tearDown" is-config="true" duration-ms="855" started-at="2017-04-27T11:35:37Z" finished-at="2017-04-27T11:35:37Z">
          <reporter-output>
            <line>
              <![CDATA[TearDown Complete]]>
            </line>
          </reporter-output>
        </test-method> <!-- tearDown -->
        <test-method status="PASS" signature="setUp(java.lang.String)[pri:0, instance:automationFramework.TestCases.UpdateAddressTest@7a9273a8]" name="setUp" is-config="true" duration-ms="1560" started-at="2017-04-27T11:35:37Z" finished-at="2017-04-27T11:35:39Z">
          <params>
            <param index="0">
              <value>
                <![CDATA[chrome.exe]]>
              </value>
            </param>
          </params>
          <reporter-output>
          </reporter-output>
        </test-method> <!-- setUp -->
        <test-method status="PASS" signature="updateAddressCancel()[pri:0, instance:automationFramework.TestCases.UpdateAddressTest@7a9273a8]" name="updateAddressCancel" duration-ms="16872" started-at="2017-04-27T11:35:39Z" finished-at="2017-04-27T11:35:56Z">
          <reporter-output>
          </reporter-output>
        </test-method> <!-- updateAddressCancel -->
        <test-method status="PASS" signature="tearDown()[pri:0, instance:automationFramework.TestCases.UpdateAddressTest@7a9273a8]" name="tearDown" is-config="true" duration-ms="672" started-at="2017-04-27T11:35:56Z" finished-at="2017-04-27T11:35:57Z">
          <reporter-output>
            <line>
              <![CDATA[TearDown Complete]]>
            </line>
          </reporter-output>
        </test-method> <!-- tearDown -->
        <test-method status="PASS" signature="setUp(java.lang.String)[pri:0, instance:automationFramework.TestCases.UpdateAddressTest@7a9273a8]" name="setUp" is-config="true" duration-ms="1798" started-at="2017-04-27T11:35:57Z" finished-at="2017-04-27T11:35:58Z">
          <params>
            <param index="0">
              <value>
                <![CDATA[chrome.exe]]>
              </value>
            </param>
          </params>
          <reporter-output>
          </reporter-output>
        </test-method> <!-- setUp -->
        <test-method status="FAIL" signature="addNewAddressCheckRequiredFields()[pri:0, instance:automationFramework.TestCases.UpdateAddressTest@7a9273a8]" name="addNewAddressCheckRequiredFields" duration-ms="67946" started-at="2017-04-27T11:35:58Z" finished-at="2017-04-27T11:37:06Z">
          <exception class="org.openqa.selenium.NoSuchElementException">
            <message>
              <![CDATA[no such element: Unable to locate element: {"method":"xpath","selector":".//*[@id='searchCustomer_customerType_sel']"}
  (Session info: chrome=57.0.2987.133)
  (Driver info: chromedriver=2.28.455520 (cc17746adff54984afff480136733114c6b3704b),platform=Windows NT 6.1.7601 SP1 x86_64) (WARNING: The server did not provide any stacktrace information)
Command duration or timeout: 60.03 seconds
For documentation on this error, please visit: http://seleniumhq.org/exceptions/no_such_element.html
Build info: version: '3.0.1', revision: '1969d75', time: '2016-10-18 09:49:13 -0700'
System info: host: 'NACTS-081729', ip: '149.63.89.30', os.name: 'Windows 7', os.arch: 'amd64', os.version: '6.1', java.version: '1.8.0_77'
Driver info: org.openqa.selenium.chrome.ChromeDriver
Capabilities [{applicationCacheEnabled=false, rotatable=false, mobileEmulationEnabled=false, networkConnectionEnabled=false, chrome={chromedriverVersion=2.28.455520 (cc17746adff54984afff480136733114c6b3704b), userDataDir=C:\Users\200123\AppData\Local\Temp\scoped_dir36444_12826}, takesHeapSnapshot=true, pageLoadStrategy=normal, databaseEnabled=false, handlesAlerts=true, hasTouchScreen=false, version=57.0.2987.133, platform=XP, browserConnectionEnabled=false, nativeEvents=true, acceptSslCerts=true, locationContextEnabled=true, webStorageEnabled=true, browserName=chrome, takesScreenshot=true, javascriptEnabled=true, cssSelectorsEnabled=true, unexpectedAlertBehaviour=}]
Session ID: 3fc59b82ae3fc92a077d965c4357ea84
*** Element info: {Using=xpath, value=.//*[@id='searchCustomer_customerType_sel']}]]>
            </message>
            <full-stacktrace>
              <![CDATA[org.openqa.selenium.NoSuchElementException: no such element: Unable to locate element: {"method":"xpath","selector":".//*[@id='searchCustomer_customerType_sel']"}
  (Session info: chrome=57.0.2987.133)
  (Driver info: chromedriver=2.28.455520 (cc17746adff54984afff480136733114c6b3704b),platform=Windows NT 6.1.7601 SP1 x86_64) (WARNING: The server did not provide any stacktrace information)
Command duration or timeout: 60.03 seconds
For documentation on this error, please visit: http://seleniumhq.org/exceptions/no_such_element.html
Build info: version: '3.0.1', revision: '1969d75', time: '2016-10-18 09:49:13 -0700'
System info: host: 'NACTS-081729', ip: '149.63.89.30', os.name: 'Windows 7', os.arch: 'amd64', os.version: '6.1', java.version: '1.8.0_77'
Driver info: org.openqa.selenium.chrome.ChromeDriver
Capabilities [{applicationCacheEnabled=false, rotatable=false, mobileEmulationEnabled=false, networkConnectionEnabled=false, chrome={chromedriverVersion=2.28.455520 (cc17746adff54984afff480136733114c6b3704b), userDataDir=C:\Users\200123\AppData\Local\Temp\scoped_dir36444_12826}, takesHeapSnapshot=true, pageLoadStrategy=normal, databaseEnabled=false, handlesAlerts=true, hasTouchScreen=false, version=57.0.2987.133, platform=XP, browserConnectionEnabled=false, nativeEvents=true, acceptSslCerts=true, locationContextEnabled=true, webStorageEnabled=true, browserName=chrome, takesScreenshot=true, javascriptEnabled=true, cssSelectorsEnabled=true, unexpectedAlertBehaviour=}]
Session ID: 3fc59b82ae3fc92a077d965c4357ea84
*** Element info: {Using=xpath, value=.//*[@id='searchCustomer_customerType_sel']}
	at sun.reflect.NativeConstructorAccessorImpl.newInstance0(Native Method)
	at sun.reflect.NativeConstructorAccessorImpl.newInstance(Unknown Source)
	at sun.reflect.DelegatingConstructorAccessorImpl.newInstance(Unknown Source)
	at java.lang.reflect.Constructor.newInstance(Unknown Source)
	at org.openqa.selenium.remote.ErrorHandler.createThrowable(ErrorHandler.java:216)
	at org.openqa.selenium.remote.ErrorHandler.throwIfResponseFailed(ErrorHandler.java:168)
	at org.openqa.selenium.remote.RemoteWebDriver.execute(RemoteWebDriver.java:635)
	at org.openqa.selenium.remote.RemoteWebDriver.findElement(RemoteWebDriver.java:368)
	at org.openqa.selenium.remote.RemoteWebDriver.findElementByXPath(RemoteWebDriver.java:473)
	at org.openqa.selenium.By$ByXPath.findElement(By.java:361)
	at org.openqa.selenium.remote.RemoteWebDriver.findElement(RemoteWebDriver.java:360)
	at automationFramework.PageObjects.SearchPage.clickCustomerType(SearchPage.java:64)
	at automationFramework.TestCases.UpdateAddressTest.createNewCustomer(UpdateAddressTest.java:216)
	at automationFramework.TestCases.UpdateAddressTest.addNewAddressCheckRequiredFields(UpdateAddressTest.java:165)
	at sun.reflect.NativeMethodAccessorImpl.invoke0(Native Method)
	at sun.reflect.NativeMethodAccessorImpl.invoke(Unknown Source)
	at sun.reflect.DelegatingMethodAccessorImpl.invoke(Unknown Source)
	at java.lang.reflect.Method.invoke(Unknown Source)
	at org.testng.internal.MethodInvocationHelper.invokeMethod(MethodInvocationHelper.java:80)
	at org.testng.internal.Invoker.invokeMethod(Invoker.java:714)
	at org.testng.internal.Invoker.invokeTestMethod(Invoker.java:901)
	at org.testng.internal.Invoker.invokeTestMethods(Invoker.java:1231)
	at org.testng.internal.TestMethodWorker.invokeTestMethods(TestMethodWorker.java:127)
	at org.testng.internal.TestMethodWorker.run(TestMethodWorker.java:111)
	at org.testng.TestRunner.privateRun(TestRunner.java:767)
	at org.testng.TestRunner.run(TestRunner.java:617)
	at org.testng.SuiteRunner.runTest(SuiteRunner.java:334)
	at org.testng.SuiteRunner.runSequentially(SuiteRunner.java:329)
	at org.testng.SuiteRunner.privateRun(SuiteRunner.java:291)
	at org.testng.SuiteRunner.run(SuiteRunner.java:240)
	at org.testng.SuiteRunnerWorker.runSuite(SuiteRunnerWorker.java:52)
	at org.testng.SuiteRunnerWorker.run(SuiteRunnerWorker.java:86)
	at org.testng.TestNG.runSuitesSequentially(TestNG.java:1198)
	at org.testng.TestNG.runSuitesLocally(TestNG.java:1123)
	at org.testng.TestNG.run(TestNG.java:1031)
	at org.testng.remote.AbstractRemoteTestNG.run(AbstractRemoteTestNG.java:126)
	at org.testng.remote.RemoteTestNG.initAndRun(RemoteTestNG.java:137)
	at org.testng.remote.RemoteTestNG.main(RemoteTestNG.java:58)
]]>
            </full-stacktrace>
          </exception> <!-- org.openqa.selenium.NoSuchElementException -->
          <reporter-output>
          </reporter-output>
        </test-method> <!-- addNewAddressCheckRequiredFields -->
        <test-method status="PASS" signature="tearDown()[pri:0, instance:automationFramework.TestCases.UpdateAddressTest@7a9273a8]" name="tearDown" is-config="true" duration-ms="888" started-at="2017-04-27T11:37:06Z" finished-at="2017-04-27T11:37:07Z">
          <reporter-output>
            <line>
              <![CDATA[TearDown Complete]]>
            </line>
          </reporter-output>
        </test-method> <!-- tearDown -->
        <test-method status="PASS" signature="setUp(java.lang.String)[pri:0, instance:automationFramework.TestCases.UpdateAddressTest@7a9273a8]" name="setUp" is-config="true" duration-ms="1525" started-at="2017-04-27T11:37:07Z" finished-at="2017-04-27T11:37:09Z">
          <params>
            <param index="0">
              <value>
                <![CDATA[chrome.exe]]>
              </value>
            </param>
          </params>
          <reporter-output>
          </reporter-output>
        </test-method> <!-- setUp -->
        <test-method status="PASS" signature="addNewAddressInvalidData()[pri:0, instance:automationFramework.TestCases.UpdateAddressTest@7a9273a8]" name="addNewAddressInvalidData" duration-ms="11974" started-at="2017-04-27T11:37:09Z" finished-at="2017-04-27T11:37:21Z">
          <reporter-output>
          </reporter-output>
        </test-method> <!-- addNewAddressInvalidData -->
        <test-method status="PASS" signature="tearDown()[pri:0, instance:automationFramework.TestCases.UpdateAddressTest@7a9273a8]" name="tearDown" is-config="true" duration-ms="672" started-at="2017-04-27T11:37:21Z" finished-at="2017-04-27T11:37:21Z">
          <reporter-output>
            <line>
              <![CDATA[TearDown Complete]]>
            </line>
          </reporter-output>
        </test-method> <!-- tearDown -->
      </class> <!-- automationFramework.TestCases.UpdateAddressTest -->
      <class name="automationFramework.TestCases.UpdateContactTest">
        <test-method status="PASS" signature="setUp(java.lang.String)[pri:0, instance:automationFramework.TestCases.UpdateContactTest@5f3a4b84]" name="setUp" is-config="true" duration-ms="1525" started-at="2017-04-27T11:37:21Z" finished-at="2017-04-27T11:37:23Z">
          <params>
            <param index="0">
              <value>
                <![CDATA[chrome.exe]]>
              </value>
            </param>
          </params>
          <reporter-output>
          </reporter-output>
        </test-method> <!-- setUp -->
        <test-method status="FAIL" signature="updateContact()[pri:0, instance:automationFramework.TestCases.UpdateContactTest@5f3a4b84]" name="updateContact" duration-ms="15300" started-at="2017-04-27T11:37:23Z" finished-at="2017-04-27T11:37:38Z">
          <exception class="java.lang.AssertionError">
            <message>
              <![CDATA[expected [indy] but found [robert]]]>
            </message>
            <full-stacktrace>
              <![CDATA[java.lang.AssertionError: expected [indy] but found [robert]
	at org.testng.Assert.fail(Assert.java:94)
	at org.testng.Assert.failNotEquals(Assert.java:494)
	at org.testng.Assert.assertEquals(Assert.java:123)
	at org.testng.Assert.assertEquals(Assert.java:176)
	at org.testng.Assert.assertEquals(Assert.java:186)
	at automationFramework.TestCases.UpdateContactTest.updateContact(UpdateContactTest.java:60)
	at sun.reflect.NativeMethodAccessorImpl.invoke0(Native Method)
	at sun.reflect.NativeMethodAccessorImpl.invoke(Unknown Source)
	at sun.reflect.DelegatingMethodAccessorImpl.invoke(Unknown Source)
	at java.lang.reflect.Method.invoke(Unknown Source)
	at org.testng.internal.MethodInvocationHelper.invokeMethod(MethodInvocationHelper.java:80)
	at org.testng.internal.Invoker.invokeMethod(Invoker.java:714)
	at org.testng.internal.Invoker.invokeTestMethod(Invoker.java:901)
	at org.testng.internal.Invoker.invokeTestMethods(Invoker.java:1231)
	at org.testng.internal.TestMethodWorker.invokeTestMethods(TestMethodWorker.java:127)
	at org.testng.internal.TestMethodWorker.run(TestMethodWorker.java:111)
	at org.testng.TestRunner.privateRun(TestRunner.java:767)
	at org.testng.TestRunner.run(TestRunner.java:617)
	at org.testng.SuiteRunner.runTest(SuiteRunner.java:334)
	at org.testng.SuiteRunner.runSequentially(SuiteRunner.java:329)
	at org.testng.SuiteRunner.privateRun(SuiteRunner.java:291)
	at org.testng.SuiteRunner.run(SuiteRunner.java:240)
	at org.testng.SuiteRunnerWorker.runSuite(SuiteRunnerWorker.java:52)
	at org.testng.SuiteRunnerWorker.run(SuiteRunnerWorker.java:86)
	at org.testng.TestNG.runSuitesSequentially(TestNG.java:1198)
	at org.testng.TestNG.runSuitesLocally(TestNG.java:1123)
	at org.testng.TestNG.run(TestNG.java:1031)
	at org.testng.remote.AbstractRemoteTestNG.run(AbstractRemoteTestNG.java:126)
	at org.testng.remote.RemoteTestNG.initAndRun(RemoteTestNG.java:137)
	at org.testng.remote.RemoteTestNG.main(RemoteTestNG.java:58)
]]>
            </full-stacktrace>
          </exception> <!-- java.lang.AssertionError -->
          <reporter-output>
          </reporter-output>
        </test-method> <!-- updateContact -->
        <test-method status="PASS" signature="tearDown()[pri:0, instance:automationFramework.TestCases.UpdateContactTest@5f3a4b84]" name="tearDown" is-config="true" duration-ms="774" started-at="2017-04-27T11:37:38Z" finished-at="2017-04-27T11:37:39Z">
          <reporter-output>
            <line>
              <![CDATA[TearDown Complete]]>
            </line>
          </reporter-output>
        </test-method> <!-- tearDown -->
        <test-method status="PASS" signature="setUp(java.lang.String)[pri:0, instance:automationFramework.TestCases.UpdateContactTest@5f3a4b84]" name="setUp" is-config="true" duration-ms="1655" started-at="2017-04-27T11:37:39Z" finished-at="2017-04-27T11:37:41Z">
          <params>
            <param index="0">
              <value>
                <![CDATA[chrome.exe]]>
              </value>
            </param>
          </params>
          <reporter-output>
          </reporter-output>
        </test-method> <!-- setUp -->
        <test-method status="FAIL" signature="updateContactCancel()[pri:0, instance:automationFramework.TestCases.UpdateContactTest@5f3a4b84]" name="updateContactCancel" duration-ms="19406" started-at="2017-04-27T11:37:41Z" finished-at="2017-04-27T11:38:00Z">
          <exception class="java.lang.AssertionError">
            <message>
              <![CDATA[expected [4033311371] but found [4033311371,undefined,undefined]]]>
            </message>
            <full-stacktrace>
              <![CDATA[java.lang.AssertionError: expected [4033311371] but found [4033311371,undefined,undefined]
	at org.testng.Assert.fail(Assert.java:94)
	at org.testng.Assert.failNotEquals(Assert.java:494)
	at org.testng.Assert.assertEquals(Assert.java:123)
	at org.testng.Assert.assertEquals(Assert.java:176)
	at org.testng.Assert.assertEquals(Assert.java:186)
	at automationFramework.TestCases.UpdateContactTest.updateContactCancel(UpdateContactTest.java:88)
	at sun.reflect.NativeMethodAccessorImpl.invoke0(Native Method)
	at sun.reflect.NativeMethodAccessorImpl.invoke(Unknown Source)
	at sun.reflect.DelegatingMethodAccessorImpl.invoke(Unknown Source)
	at java.lang.reflect.Method.invoke(Unknown Source)
	at org.testng.internal.MethodInvocationHelper.invokeMethod(MethodInvocationHelper.java:80)
	at org.testng.internal.Invoker.invokeMethod(Invoker.java:714)
	at org.testng.internal.Invoker.invokeTestMethod(Invoker.java:901)
	at org.testng.internal.Invoker.invokeTestMethods(Invoker.java:1231)
	at org.testng.internal.TestMethodWorker.invokeTestMethods(TestMethodWorker.java:127)
	at org.testng.internal.TestMethodWorker.run(TestMethodWorker.java:111)
	at org.testng.TestRunner.privateRun(TestRunner.java:767)
	at org.testng.TestRunner.run(TestRunner.java:617)
	at org.testng.SuiteRunner.runTest(SuiteRunner.java:334)
	at org.testng.SuiteRunner.runSequentially(SuiteRunner.java:329)
	at org.testng.SuiteRunner.privateRun(SuiteRunner.java:291)
	at org.testng.SuiteRunner.run(SuiteRunner.java:240)
	at org.testng.SuiteRunnerWorker.runSuite(SuiteRunnerWorker.java:52)
	at org.testng.SuiteRunnerWorker.run(SuiteRunnerWorker.java:86)
	at org.testng.TestNG.runSuitesSequentially(TestNG.java:1198)
	at org.testng.TestNG.runSuitesLocally(TestNG.java:1123)
	at org.testng.TestNG.run(TestNG.java:1031)
	at org.testng.remote.AbstractRemoteTestNG.run(AbstractRemoteTestNG.java:126)
	at org.testng.remote.RemoteTestNG.initAndRun(RemoteTestNG.java:137)
	at org.testng.remote.RemoteTestNG.main(RemoteTestNG.java:58)
]]>
            </full-stacktrace>
          </exception> <!-- java.lang.AssertionError -->
          <reporter-output>
          </reporter-output>
        </test-method> <!-- updateContactCancel -->
        <test-method status="PASS" signature="tearDown()[pri:0, instance:automationFramework.TestCases.UpdateContactTest@5f3a4b84]" name="tearDown" is-config="true" duration-ms="877" started-at="2017-04-27T11:38:00Z" finished-at="2017-04-27T11:38:01Z">
          <reporter-output>
            <line>
              <![CDATA[TearDown Complete]]>
            </line>
          </reporter-output>
        </test-method> <!-- tearDown -->
        <test-method status="PASS" signature="setUp(java.lang.String)[pri:0, instance:automationFramework.TestCases.UpdateContactTest@5f3a4b84]" name="setUp" is-config="true" duration-ms="1753" started-at="2017-04-27T11:38:01Z" finished-at="2017-04-27T11:38:03Z">
          <params>
            <param index="0">
              <value>
                <![CDATA[chrome.exe]]>
              </value>
            </param>
          </params>
          <reporter-output>
          </reporter-output>
        </test-method> <!-- setUp -->
        <test-method status="PASS" signature="updateContactAndAddress()[pri:0, instance:automationFramework.TestCases.UpdateContactTest@5f3a4b84]" name="updateContactAndAddress" duration-ms="19038" started-at="2017-04-27T11:38:03Z" finished-at="2017-04-27T11:38:22Z">
          <reporter-output>
          </reporter-output>
        </test-method> <!-- updateContactAndAddress -->
        <test-method status="PASS" signature="tearDown()[pri:0, instance:automationFramework.TestCases.UpdateContactTest@5f3a4b84]" name="tearDown" is-config="true" duration-ms="675" started-at="2017-04-27T11:38:22Z" finished-at="2017-04-27T11:38:22Z">
          <reporter-output>
            <line>
              <![CDATA[TearDown Complete]]>
            </line>
          </reporter-output>
        </test-method> <!-- tearDown -->
        <test-method status="PASS" signature="setUp(java.lang.String)[pri:0, instance:automationFramework.TestCases.UpdateContactTest@5f3a4b84]" name="setUp" is-config="true" duration-ms="1568" started-at="2017-04-27T11:38:22Z" finished-at="2017-04-27T11:38:24Z">
          <params>
            <param index="0">
              <value>
                <![CDATA[chrome.exe]]>
              </value>
            </param>
          </params>
          <reporter-output>
          </reporter-output>
        </test-method> <!-- setUp -->
        <test-method status="PASS" signature="updateContactAndAddressCancel()[pri:0, instance:automationFramework.TestCases.UpdateContactTest@5f3a4b84]" name="updateContactAndAddressCancel" duration-ms="15314" started-at="2017-04-27T11:38:24Z" finished-at="2017-04-27T11:38:39Z">
          <reporter-output>
          </reporter-output>
        </test-method> <!-- updateContactAndAddressCancel -->
        <test-method status="PASS" signature="tearDown()[pri:0, instance:automationFramework.TestCases.UpdateContactTest@5f3a4b84]" name="tearDown" is-config="true" duration-ms="679" started-at="2017-04-27T11:38:39Z" finished-at="2017-04-27T11:38:40Z">
          <reporter-output>
            <line>
              <![CDATA[TearDown Complete]]>
            </line>
          </reporter-output>
        </test-method> <!-- tearDown -->
        <test-method status="PASS" signature="setUp(java.lang.String)[pri:0, instance:automationFramework.TestCases.UpdateContactTest@5f3a4b84]" name="setUp" is-config="true" duration-ms="1723" started-at="2017-04-27T11:38:40Z" finished-at="2017-04-27T11:38:42Z">
          <params>
            <param index="0">
              <value>
                <![CDATA[chrome.exe]]>
              </value>
            </param>
          </params>
          <reporter-output>
          </reporter-output>
        </test-method> <!-- setUp -->
        <test-method status="PASS" signature="updateContactCheckRequiredFields()[pri:0, instance:automationFramework.TestCases.UpdateContactTest@5f3a4b84]" name="updateContactCheckRequiredFields" duration-ms="10102" started-at="2017-04-27T11:38:42Z" finished-at="2017-04-27T11:38:52Z">
          <reporter-output>
          </reporter-output>
        </test-method> <!-- updateContactCheckRequiredFields -->
        <test-method status="PASS" signature="tearDown()[pri:0, instance:automationFramework.TestCases.UpdateContactTest@5f3a4b84]" name="tearDown" is-config="true" duration-ms="669" started-at="2017-04-27T11:38:52Z" finished-at="2017-04-27T11:38:52Z">
          <reporter-output>
            <line>
              <![CDATA[TearDown Complete]]>
            </line>
          </reporter-output>
        </test-method> <!-- tearDown -->
        <test-method status="PASS" signature="setUp(java.lang.String)[pri:0, instance:automationFramework.TestCases.UpdateContactTest@5f3a4b84]" name="setUp" is-config="true" duration-ms="1608" started-at="2017-04-27T11:38:52Z" finished-at="2017-04-27T11:38:54Z">
          <params>
            <param index="0">
              <value>
                <![CDATA[chrome.exe]]>
              </value>
            </param>
          </params>
          <reporter-output>
          </reporter-output>
        </test-method> <!-- setUp -->
        <test-method status="FAIL" signature="updateContactInvalidPhone()[pri:0, instance:automationFramework.TestCases.UpdateContactTest@5f3a4b84]" name="updateContactInvalidPhone" duration-ms="14600" started-at="2017-04-27T11:38:54Z" finished-at="2017-04-27T11:39:09Z">
          <exception class="java.lang.AssertionError">
            <message>
              <![CDATA[expected [phone[0].number errors.general.invalid.phone.number] but found []]]>
            </message>
            <full-stacktrace>
              <![CDATA[java.lang.AssertionError: expected [phone[0].number errors.general.invalid.phone.number] but found []
	at org.testng.Assert.fail(Assert.java:94)
	at org.testng.Assert.failNotEquals(Assert.java:494)
	at org.testng.Assert.assertEquals(Assert.java:123)
	at org.testng.Assert.assertEquals(Assert.java:176)
	at org.testng.Assert.assertEquals(Assert.java:186)
	at automationFramework.TestCases.UpdateContactTest.updateContactInvalidPhone(UpdateContactTest.java:188)
	at sun.reflect.NativeMethodAccessorImpl.invoke0(Native Method)
	at sun.reflect.NativeMethodAccessorImpl.invoke(Unknown Source)
	at sun.reflect.DelegatingMethodAccessorImpl.invoke(Unknown Source)
	at java.lang.reflect.Method.invoke(Unknown Source)
	at org.testng.internal.MethodInvocationHelper.invokeMethod(MethodInvocationHelper.java:80)
	at org.testng.internal.Invoker.invokeMethod(Invoker.java:714)
	at org.testng.internal.Invoker.invokeTestMethod(Invoker.java:901)
	at org.testng.internal.Invoker.invokeTestMethods(Invoker.java:1231)
	at org.testng.internal.TestMethodWorker.invokeTestMethods(TestMethodWorker.java:127)
	at org.testng.internal.TestMethodWorker.run(TestMethodWorker.java:111)
	at org.testng.TestRunner.privateRun(TestRunner.java:767)
	at org.testng.TestRunner.run(TestRunner.java:617)
	at org.testng.SuiteRunner.runTest(SuiteRunner.java:334)
	at org.testng.SuiteRunner.runSequentially(SuiteRunner.java:329)
	at org.testng.SuiteRunner.privateRun(SuiteRunner.java:291)
	at org.testng.SuiteRunner.run(SuiteRunner.java:240)
	at org.testng.SuiteRunnerWorker.runSuite(SuiteRunnerWorker.java:52)
	at org.testng.SuiteRunnerWorker.run(SuiteRunnerWorker.java:86)
	at org.testng.TestNG.runSuitesSequentially(TestNG.java:1198)
	at org.testng.TestNG.runSuitesLocally(TestNG.java:1123)
	at org.testng.TestNG.run(TestNG.java:1031)
	at org.testng.remote.AbstractRemoteTestNG.run(AbstractRemoteTestNG.java:126)
	at org.testng.remote.RemoteTestNG.initAndRun(RemoteTestNG.java:137)
	at org.testng.remote.RemoteTestNG.main(RemoteTestNG.java:58)
]]>
            </full-stacktrace>
          </exception> <!-- java.lang.AssertionError -->
          <reporter-output>
          </reporter-output>
        </test-method> <!-- updateContactInvalidPhone -->
        <test-method status="PASS" signature="tearDown()[pri:0, instance:automationFramework.TestCases.UpdateContactTest@5f3a4b84]" name="tearDown" is-config="true" duration-ms="801" started-at="2017-04-27T11:39:09Z" finished-at="2017-04-27T11:39:09Z">
          <reporter-output>
            <line>
              <![CDATA[TearDown Complete]]>
            </line>
          </reporter-output>
        </test-method> <!-- tearDown -->
        <test-method status="PASS" signature="setUp(java.lang.String)[pri:0, instance:automationFramework.TestCases.UpdateContactTest@5f3a4b84]" name="setUp" is-config="true" duration-ms="1510" started-at="2017-04-27T11:39:09Z" finished-at="2017-04-27T11:39:11Z">
          <params>
            <param index="0">
              <value>
                <![CDATA[chrome.exe]]>
              </value>
            </param>
          </params>
          <reporter-output>
          </reporter-output>
        </test-method> <!-- setUp -->
        <test-method status="PASS" signature="updateContactInvalidEmail()[pri:0, instance:automationFramework.TestCases.UpdateContactTest@5f3a4b84]" name="updateContactInvalidEmail" duration-ms="9721" started-at="2017-04-27T11:39:11Z" finished-at="2017-04-27T11:39:21Z">
          <reporter-output>
          </reporter-output>
        </test-method> <!-- updateContactInvalidEmail -->
        <test-method status="PASS" signature="tearDown()[pri:0, instance:automationFramework.TestCases.UpdateContactTest@5f3a4b84]" name="tearDown" is-config="true" duration-ms="670" started-at="2017-04-27T11:39:21Z" finished-at="2017-04-27T11:39:21Z">
          <reporter-output>
            <line>
              <![CDATA[TearDown Complete]]>
            </line>
          </reporter-output>
        </test-method> <!-- tearDown -->
        <test-method status="PASS" signature="setUp(java.lang.String)[pri:0, instance:automationFramework.TestCases.UpdateContactTest@5f3a4b84]" name="setUp" is-config="true" duration-ms="1618" started-at="2017-04-27T11:39:21Z" finished-at="2017-04-27T11:39:23Z">
          <params>
            <param index="0">
              <value>
                <![CDATA[chrome.exe]]>
              </value>
            </param>
          </params>
          <reporter-output>
          </reporter-output>
        </test-method> <!-- setUp -->
        <test-method status="PASS" signature="updateContactInvalidUserName()[pri:0, instance:automationFramework.TestCases.UpdateContactTest@5f3a4b84]" name="updateContactInvalidUserName" duration-ms="9706" started-at="2017-04-27T11:39:23Z" finished-at="2017-04-27T11:39:33Z">
[...]
	at org.testng.SuiteRunnerWorker.runSuite(SuiteRunnerWorker.java:52)
	at org.testng.SuiteRunnerWorker.run(SuiteRunnerWorker.java:86)
	at org.testng.TestNG.runSuitesSequentially(TestNG.java:1198)
	at org.testng.TestNG.runSuitesLocally(TestNG.java:1123)
	at org.testng.TestNG.run(TestNG.java:1031)
	at org.testng.remote.AbstractRemoteTestNG.run(AbstractRemoteTestNG.java:126)
	at org.testng.remote.RemoteTestNG.initAndRun(RemoteTestNG.java:137)
	at org.testng.remote.RemoteTestNG.main(RemoteTestNG.java:58)
]]>
            </full-stacktrace>
          </exception> <!-- java.lang.AssertionError -->
          <reporter-output>
          </reporter-output>
        </test-method> <!-- createNewCustomer -->
        <test-method status="PASS" signature="tearDown()[pri:0, instance:automationFramework.TestCases.CreateCustomerTest@12f41634]" name="tearDown" is-config="true" duration-ms="800" started-at="2017-04-27T09:46:37Z" finished-at="2017-04-27T09:46:38Z">
          <reporter-output>
            <line>
              <![CDATA[TearDown Complete]]>
            </line>
          </reporter-output>
        </test-method> <!-- tearDown -->
        <test-method status="PASS" signature="setUp(java.lang.String)[pri:0, instance:automationFramework.TestCases.CreateCustomerTest@12f41634]" name="setUp" is-config="true" duration-ms="1540" started-at="2017-04-27T09:46:38Z" finished-at="2017-04-27T09:46:39Z">
          <params>
            <param index="0">
              <value>
                <![CDATA[chrome.exe]]>
              </value>
            </param>
          </params>
          <reporter-output>
          </reporter-output>
        </test-method> <!-- setUp -->
        <test-method status="PASS" signature="createCustomerCancel()[pri:0, instance:automationFramework.TestCases.CreateCustomerTest@12f41634]" name="createCustomerCancel" duration-ms="10322" started-at="2017-04-27T09:46:39Z" finished-at="2017-04-27T09:46:50Z">
          <reporter-output>
          </reporter-output>
        </test-method> <!-- createCustomerCancel -->
        <test-method status="PASS" signature="tearDown()[pri:0, instance:automationFramework.TestCases.CreateCustomerTest@12f41634]" name="tearDown" is-config="true" duration-ms="671" started-at="2017-04-27T09:46:50Z" finished-at="2017-04-27T09:46:50Z">
          <reporter-output>
            <line>
              <![CDATA[TearDown Complete]]>
            </line>
          </reporter-output>
        </test-method> <!-- tearDown -->
        <test-method status="PASS" signature="setUp(java.lang.String)[pri:0, instance:automationFramework.TestCases.CreateCustomerTest@12f41634]" name="setUp" is-config="true" duration-ms="1591" started-at="2017-04-27T09:46:50Z" finished-at="2017-04-27T09:46:52Z">
          <params>
            <param index="0">
              <value>
                <![CDATA[chrome.exe]]>
              </value>
            </param>
          </params>
          <reporter-output>
          </reporter-output>
        </test-method> <!-- setUp -->
        <test-method status="PASS" signature="createCustomerContactTypeNotSelected()[pri:0, instance:automationFramework.TestCases.CreateCustomerTest@12f41634]" name="createCustomerContactTypeNotSelected" duration-ms="10574" started-at="2017-04-27T09:46:52Z" finished-at="2017-04-27T09:47:02Z">
          <reporter-output>
          </reporter-output>
        </test-method> <!-- createCustomerContactTypeNotSelected -->
        <test-method status="PASS" signature="tearDown()[pri:0, instance:automationFramework.TestCases.CreateCustomerTest@12f41634]" name="tearDown" is-config="true" duration-ms="712" started-at="2017-04-27T09:47:02Z" finished-at="2017-04-27T09:47:03Z">
          <reporter-output>
            <line>
              <![CDATA[TearDown Complete]]>
            </line>
          </reporter-output>
        </test-method> <!-- tearDown -->
        <test-method status="PASS" signature="setUp(java.lang.String)[pri:0, instance:automationFramework.TestCases.CreateCustomerTest@12f41634]" name="setUp" is-config="true" duration-ms="1552" started-at="2017-04-27T09:47:03Z" finished-at="2017-04-27T09:47:05Z">
          <params>
            <param index="0">
              <value>
                <![CDATA[chrome.exe]]>
              </value>
            </param>
          </params>
          <reporter-output>
          </reporter-output>
        </test-method> <!-- setUp -->
        <test-method status="PASS" signature="createCustomerInvalidEmail()[pri:0, instance:automationFramework.TestCases.CreateCustomerTest@12f41634]" name="createCustomerInvalidEmail" duration-ms="12490" started-at="2017-04-27T09:47:05Z" finished-at="2017-04-27T09:47:17Z">
          <reporter-output>
          </reporter-output>
        </test-method> <!-- createCustomerInvalidEmail -->
        <test-method status="PASS" signature="tearDown()[pri:0, instance:automationFramework.TestCases.CreateCustomerTest@12f41634]" name="tearDown" is-config="true" duration-ms="670" started-at="2017-04-27T09:47:17Z" finished-at="2017-04-27T09:47:18Z">
          <reporter-output>
            <line>
              <![CDATA[TearDown Complete]]>
            </line>
          </reporter-output>
        </test-method> <!-- tearDown -->
        <test-method status="PASS" signature="setUp(java.lang.String)[pri:0, instance:automationFramework.TestCases.CreateCustomerTest@12f41634]" name="setUp" is-config="true" duration-ms="1566" started-at="2017-04-27T09:47:18Z" finished-at="2017-04-27T09:47:19Z">
          <params>
            <param index="0">
              <value>
                <![CDATA[chrome.exe]]>
              </value>
            </param>
          </params>
          <reporter-output>
          </reporter-output>
        </test-method> <!-- setUp -->
        <test-method status="PASS" signature="createCustomerInvalidPin()[pri:0, instance:automationFramework.TestCases.CreateCustomerTest@12f41634]" name="createCustomerInvalidPin" duration-ms="12711" started-at="2017-04-27T09:47:19Z" finished-at="2017-04-27T09:47:32Z">
          <reporter-output>
          </reporter-output>
        </test-method> <!-- createCustomerInvalidPin -->
        <test-method status="PASS" signature="tearDown()[pri:0, instance:automationFramework.TestCases.CreateCustomerTest@12f41634]" name="tearDown" is-config="true" duration-ms="703" started-at="2017-04-27T09:47:32Z" finished-at="2017-04-27T09:47:33Z">
          <reporter-output>
            <line>
              <![CDATA[TearDown Complete]]>
            </line>
          </reporter-output>
        </test-method> <!-- tearDown -->
        <test-method status="PASS" signature="setUp(java.lang.String)[pri:0, instance:automationFramework.TestCases.CreateCustomerTest@12f41634]" name="setUp" is-config="true" duration-ms="1592" started-at="2017-04-27T09:47:33Z" finished-at="2017-04-27T09:47:34Z">
          <params>
            <param index="0">
              <value>
                <![CDATA[chrome.exe]]>
              </value>
            </param>
          </params>
          <reporter-output>
          </reporter-output>
        </test-method> <!-- setUp -->
        <test-method status="PASS" signature="createCustomerInvalidUserName()[pri:0, instance:automationFramework.TestCases.CreateCustomerTest@12f41634]" name="createCustomerInvalidUserName" duration-ms="11554" started-at="2017-04-27T09:47:34Z" finished-at="2017-04-27T09:47:46Z">
          <reporter-output>
          </reporter-output>
        </test-method> <!-- createCustomerInvalidUserName -->
        <test-method status="PASS" signature="tearDown()[pri:0, instance:automationFramework.TestCases.CreateCustomerTest@12f41634]" name="tearDown" is-config="true" duration-ms="673" started-at="2017-04-27T09:47:46Z" finished-at="2017-04-27T09:47:47Z">
          <reporter-output>
            <line>
              <![CDATA[TearDown Complete]]>
            </line>
          </reporter-output>
        </test-method> <!-- tearDown -->
        <test-method status="PASS" signature="setUp(java.lang.String)[pri:0, instance:automationFramework.TestCases.CreateCustomerTest@12f41634]" name="setUp" is-config="true" duration-ms="1693" started-at="2017-04-27T09:47:47Z" finished-at="2017-04-27T09:47:48Z">
          <params>
            <param index="0">
              <value>
                <![CDATA[chrome.exe]]>
              </value>
            </param>
          </params>
          <reporter-output>
          </reporter-output>
        </test-method> <!-- setUp -->
        <test-method status="PASS" signature="createCustomerDuplicateUserName()[pri:0, instance:automationFramework.TestCases.CreateCustomerTest@12f41634]" name="createCustomerDuplicateUserName" duration-ms="23634" started-at="2017-04-27T09:47:48Z" finished-at="2017-04-27T09:48:12Z">
          <reporter-output>
          </reporter-output>
        </test-method> <!-- createCustomerDuplicateUserName -->
        <test-method status="PASS" signature="tearDown()[pri:0, instance:automationFramework.TestCases.CreateCustomerTest@12f41634]" name="tearDown" is-config="true" duration-ms="669" started-at="2017-04-27T09:48:12Z" finished-at="2017-04-27T09:48:13Z">
          <reporter-output>
            <line>
              <![CDATA[TearDown Complete]]>
            </line>
          </reporter-output>
        </test-method> <!-- tearDown -->
        <test-method status="PASS" signature="setUp(java.lang.String)[pri:0, instance:automationFramework.TestCases.CreateCustomerTest@12f41634]" name="setUp" is-config="true" duration-ms="1536" started-at="2017-04-27T09:48:13Z" finished-at="2017-04-27T09:48:14Z">
          <params>
            <param index="0">
              <value>
                <![CDATA[chrome.exe]]>
              </value>
            </param>
          </params>
          <reporter-output>
          </reporter-output>
        </test-method> <!-- setUp -->
        <test-method status="PASS" signature="createCustomerInvalidPhone()[pri:0, instance:automationFramework.TestCases.CreateCustomerTest@12f41634]" name="createCustomerInvalidPhone" duration-ms="7656" started-at="2017-04-27T09:48:14Z" finished-at="2017-04-27T09:48:22Z">
          <reporter-output>
          </reporter-output>
        </test-method> <!-- createCustomerInvalidPhone -->
        <test-method status="PASS" signature="tearDown()[pri:0, instance:automationFramework.TestCases.CreateCustomerTest@12f41634]" name="tearDown" is-config="true" duration-ms="680" started-at="2017-04-27T09:48:22Z" finished-at="2017-04-27T09:48:23Z">
          <reporter-output>
            <line>
              <![CDATA[TearDown Complete]]>
            </line>
          </reporter-output>
        </test-method> <!-- tearDown -->
        <test-method status="PASS" signature="setUp(java.lang.String)[pri:0, instance:automationFramework.TestCases.CreateCustomerTest@12f41634]" name="setUp" is-config="true" duration-ms="1533" started-at="2017-04-27T09:48:23Z" finished-at="2017-04-27T09:48:24Z">
          <params>
            <param index="0">
              <value>
                <![CDATA[chrome.exe]]>
              </value>
            </param>
          </params>
          <reporter-output>
          </reporter-output>
        </test-method> <!-- setUp -->
        <test-method status="PASS" signature="createCustomerNameMissing()[pri:0, instance:automationFramework.TestCases.CreateCustomerTest@12f41634]" name="createCustomerNameMissing" duration-ms="7378" started-at="2017-04-27T09:48:24Z" finished-at="2017-04-27T09:48:31Z">
          <reporter-output>
          </reporter-output>
        </test-method> <!-- createCustomerNameMissing -->
        <test-method status="PASS" signature="tearDown()[pri:0, instance:automationFramework.TestCases.CreateCustomerTest@12f41634]" name="tearDown" is-config="true" duration-ms="671" started-at="2017-04-27T09:48:31Z" finished-at="2017-04-27T09:48:32Z">
          <reporter-output>
            <line>
              <![CDATA[TearDown Complete]]>
            </line>
          </reporter-output>
        </test-method> <!-- tearDown -->
        <test-method status="PASS" signature="setUp(java.lang.String)[pri:0, instance:automationFramework.TestCases.CreateCustomerTest@12f41634]" name="setUp" is-config="true" duration-ms="1506" started-at="2017-04-27T09:48:32Z" finished-at="2017-04-27T09:48:34Z">
          <params>
            <param index="0">
              <value>
                <![CDATA[chrome.exe]]>
              </value>
            </param>
          </params>
          <reporter-output>
          </reporter-output>
        </test-method> <!-- setUp -->
        <test-method status="PASS" signature="createCustomerEmailMissing()[pri:0, instance:automationFramework.TestCases.CreateCustomerTest@12f41634]" name="createCustomerEmailMissing" duration-ms="7578" started-at="2017-04-27T09:48:34Z" finished-at="2017-04-27T09:48:41Z">
          <reporter-output>
          </reporter-output>
        </test-method> <!-- createCustomerEmailMissing -->
        <test-method status="PASS" signature="tearDown()[pri:0, instance:automationFramework.TestCases.CreateCustomerTest@12f41634]" name="tearDown" is-config="true" duration-ms="670" started-at="2017-04-27T09:48:41Z" finished-at="2017-04-27T09:48:42Z">
          <reporter-output>
            <line>
              <![CDATA[TearDown Complete]]>
            </line>
          </reporter-output>
        </test-method> <!-- tearDown -->
        <test-method status="PASS" signature="setUp(java.lang.String)[pri:0, instance:automationFramework.TestCases.CreateCustomerTest@12f41634]" name="setUp" is-config="true" duration-ms="1596" started-at="2017-04-27T09:48:42Z" finished-at="2017-04-27T09:48:43Z">
          <params>
            <param index="0">
              <value>
                <![CDATA[chrome.exe]]>
              </value>
            </param>
          </params>
          <reporter-output>
          </reporter-output>
        </test-method> <!-- setUp -->
        <test-method status="PASS" signature="createCustomerInvalidPin2()[pri:0, instance:automationFramework.TestCases.CreateCustomerTest@12f41634]" name="createCustomerInvalidPin2" duration-ms="13738" started-at="2017-04-27T09:48:43Z" finished-at="2017-04-27T09:48:57Z">
          <reporter-output>
          </reporter-output>
        </test-method> <!-- createCustomerInvalidPin2 -->
        <test-method status="PASS" signature="tearDown()[pri:0, instance:automationFramework.TestCases.CreateCustomerTest@12f41634]" name="tearDown" is-config="true" duration-ms="674" started-at="2017-04-27T09:48:57Z" finished-at="2017-04-27T09:48:58Z">
          <reporter-output>
            <line>
              <![CDATA[TearDown Complete]]>
            </line>
          </reporter-output>
        </test-method> <!-- tearDown -->
        <test-method status="PASS" signature="setUp(java.lang.String)[pri:0, instance:automationFramework.TestCases.CreateCustomerTest@12f41634]" name="setUp" is-config="true" duration-ms="1600" started-at="2017-04-27T09:48:58Z" finished-at="2017-04-27T09:49:00Z">
          <params>
            <param index="0">
              <value>
                <![CDATA[chrome.exe]]>
              </value>
            </param>
          </params>
          <reporter-output>
          </reporter-output>
        </test-method> <!-- setUp -->
        <test-method status="PASS" signature="createCustomerPostalCodeMissing()[pri:0, instance:automationFramework.TestCases.CreateCustomerTest@12f41634]" name="createCustomerPostalCodeMissing" duration-ms="13141" started-at="2017-04-27T09:49:00Z" finished-at="2017-04-27T09:49:13Z">
          <reporter-output>
          </reporter-output>
        </test-method> <!-- createCustomerPostalCodeMissing -->
        <test-method status="PASS" signature="tearDown()[pri:0, instance:automationFramework.TestCases.CreateCustomerTest@12f41634]" name="tearDown" is-config="true" duration-ms="675" started-at="2017-04-27T09:49:13Z" finished-at="2017-04-27T09:49:13Z">
          <reporter-output>
            <line>
              <![CDATA[TearDown Complete]]>
            </line>
          </reporter-output>
        </test-method> <!-- tearDown -->
        <test-method status="PASS" signature="setUp(java.lang.String)[pri:0, instance:automationFramework.TestCases.CreateCustomerTest@12f41634]" name="setUp" is-config="true" duration-ms="1509" started-at="2017-04-27T09:49:13Z" finished-at="2017-04-27T09:49:15Z">
          <params>
            <param index="0">
              <value>
                <![CDATA[chrome.exe]]>
              </value>
            </param>
          </params>
          <reporter-output>
          </reporter-output>
        </test-method> <!-- setUp -->
        <test-method status="FAIL" signature="createNewCustomerGmailPlus()[pri:0, instance:automationFramework.TestCases.CreateCustomerTest@12f41634]" name="createNewCustomerGmailPlus" duration-ms="17369" started-at="2017-04-27T09:49:15Z" finished-at="2017-04-27T09:49:32Z">
          <exception class="java.lang.AssertionError">
            <message>
              <![CDATA[expected [7033322717] but found [7033322717,undefined,undefined]]]>
            </message>
            <full-stacktrace>
              <![CDATA[java.lang.AssertionError: expected [7033322717] but found [7033322717,undefined,undefined]
	at org.testng.Assert.fail(Assert.java:94)
	at org.testng.Assert.failNotEquals(Assert.java:494)
	at org.testng.Assert.assertEquals(Assert.java:123)
	at org.testng.Assert.assertEquals(Assert.java:176)
	at org.testng.Assert.assertEquals(Assert.java:186)
	at automationFramework.TestCases.CreateCustomerTest.createNewCustomerGmailPlus(CreateCustomerTest.java:357)
	at sun.reflect.NativeMethodAccessorImpl.invoke0(Native Method)
	at sun.reflect.NativeMethodAccessorImpl.invoke(Unknown Source)
	at sun.reflect.DelegatingMethodAccessorImpl.invoke(Unknown Source)
	at java.lang.reflect.Method.invoke(Unknown Source)
	at org.testng.internal.MethodInvocationHelper.invokeMethod(MethodInvocationHelper.java:80)
	at org.testng.internal.Invoker.invokeMethod(Invoker.java:714)
	at org.testng.internal.Invoker.invokeTestMethod(Invoker.java:901)
	at org.testng.internal.Invoker.invokeTestMethods(Invoker.java:1231)
	at org.testng.internal.TestMethodWorker.invokeTestMethods(TestMethodWorker.java:127)
	at org.testng.internal.TestMethodWorker.run(TestMethodWorker.java:111)
	at org.testng.TestRunner.privateRun(TestRunner.java:767)
	at org.testng.TestRunner.run(TestRunner.java:617)
	at org.testng.SuiteRunner.runTest(SuiteRunner.java:334)
	at org.testng.SuiteRunner.runSequentially(SuiteRunner.java:329)
	at org.testng.SuiteRunner.privateRun(SuiteRunner.java:291)
	at org.testng.SuiteRunner.run(SuiteRunner.java:240)
	at org.testng.SuiteRunnerWorker.runSuite(SuiteRunnerWorker.java:52)
	at org.testng.SuiteRunnerWorker.run(SuiteRunnerWorker.java:86)
	at org.testng.TestNG.runSuitesSequentially(TestNG.java:1198)
	at org.testng.TestNG.runSuitesLocally(TestNG.java:1123)
	at org.testng.TestNG.run(TestNG.java:1031)
	at org.testng.remote.AbstractRemoteTestNG.run(AbstractRemoteTestNG.java:126)
	at org.testng.remote.RemoteTestNG.initAndRun(RemoteTestNG.java:137)
	at org.testng.remote.RemoteTestNG.main(RemoteTestNG.java:58)
]]>
            </full-stacktrace>
          </exception> <!-- java.lang.AssertionError -->
          <reporter-output>
          </reporter-output>
        </test-method> <!-- createNewCustomerGmailPlus -->
        <test-method status="PASS" signature="tearDown()[pri:0, instance:automationFramework.TestCases.CreateCustomerTest@12f41634]" name="tearDown" is-config="true" duration-ms="848" started-at="2017-04-27T09:49:32Z" finished-at="2017-04-27T09:49:33Z">
          <reporter-output>
            <line>
              <![CDATA[TearDown Complete]]>
            </line>
          </reporter-output>
        </test-method> <!-- tearDown -->
      </class> <!-- automationFramework.TestCases.CreateCustomerTest -->
    </test> <!-- ChromeTest -->
  </suite> <!-- Automation - Suite -->
</testng-results>
