<?xml version="1.0" encoding="UTF-8"?>
<testsuite name="ChromeTest"
           tests="2"
           failures="0"
           errors="0"
           skipped="0"
           time="30.166">
  <properties />
  
  
            <testcase name="tokenVerificationLinkAccountNewSearch" time="13.451" classname="automationFramework.TestCases.TokenSearchAPITest" />
                <testcase name="tokenVerificationLinkAccount" time="16.715" classname="automationFramework.TestCases.TokenSearchAPITest" />
      
</testsuite>
